CRITICAL - 2022-04-28 06:28:00 --> Invalid file: css.php
#0 C:\wamp64\www\tarefapw3\system\View\View.php(198): CodeIgniter\Exceptions\FrameworkException::forInvalidFile('css.php')
#1 C:\wamp64\www\tarefapw3\system\Common.php(1089): CodeIgniter\View\View->render('css', Array, true)
#2 C:\wamp64\www\tarefapw3\app\Controllers\Home.php(16): view('css')
#3 C:\wamp64\www\tarefapw3\system\CodeIgniter.php(832): App\Controllers\Home->page('css', 'index.css')
#4 C:\wamp64\www\tarefapw3\system\CodeIgniter.php(419): CodeIgniter\CodeIgniter->runController(Object(App\Controllers\Home))
#5 C:\wamp64\www\tarefapw3\system\CodeIgniter.php(326): CodeIgniter\CodeIgniter->handleRequest(NULL, Object(Config\Cache), false)
#6 C:\wamp64\www\tarefapw3\public\index.php(37): CodeIgniter\CodeIgniter->run()
#7 C:\wamp64\www\tarefapw3\system\Commands\Server\rewrite.php(43): require_once('C:\\wamp64\\www\\t...')
#8 {main}
CRITICAL - 2022-04-28 06:28:00 --> Invalid file: js.php
#0 C:\wamp64\www\tarefapw3\system\View\View.php(198): CodeIgniter\Exceptions\FrameworkException::forInvalidFile('js.php')
#1 C:\wamp64\www\tarefapw3\system\Common.php(1089): CodeIgniter\View\View->render('js', Array, true)
#2 C:\wamp64\www\tarefapw3\app\Controllers\Home.php(16): view('js')
#3 C:\wamp64\www\tarefapw3\system\CodeIgniter.php(832): App\Controllers\Home->page('js', 'index.js')
#4 C:\wamp64\www\tarefapw3\system\CodeIgniter.php(419): CodeIgniter\CodeIgniter->runController(Object(App\Controllers\Home))
#5 C:\wamp64\www\tarefapw3\system\CodeIgniter.php(326): CodeIgniter\CodeIgniter->handleRequest(NULL, Object(Config\Cache), false)
#6 C:\wamp64\www\tarefapw3\public\index.php(37): CodeIgniter\CodeIgniter->run()
#7 C:\wamp64\www\tarefapw3\system\Commands\Server\rewrite.php(43): require_once('C:\\wamp64\\www\\t...')
#8 {main}
CRITICAL - 2022-04-28 06:33:22 --> Invalid file: css.php
#0 C:\wamp64\www\tarefapw3\system\View\View.php(198): CodeIgniter\Exceptions\FrameworkException::forInvalidFile('css.php')
#1 C:\wamp64\www\tarefapw3\system\Common.php(1089): CodeIgniter\View\View->render('css', Array, true)
#2 C:\wamp64\www\tarefapw3\app\Controllers\Home.php(16): view('css')
#3 C:\wamp64\www\tarefapw3\system\CodeIgniter.php(832): App\Controllers\Home->page('css', 'index.css')
#4 C:\wamp64\www\tarefapw3\system\CodeIgniter.php(419): CodeIgniter\CodeIgniter->runController(Object(App\Controllers\Home))
#5 C:\wamp64\www\tarefapw3\system\CodeIgniter.php(326): CodeIgniter\CodeIgniter->handleRequest(NULL, Object(Config\Cache), false)
#6 C:\wamp64\www\tarefapw3\public\index.php(37): CodeIgniter\CodeIgniter->run()
#7 C:\wamp64\www\tarefapw3\system\Commands\Server\rewrite.php(43): require_once('C:\\wamp64\\www\\t...')
#8 {main}
CRITICAL - 2022-04-28 06:33:22 --> Invalid file: js.php
#0 C:\wamp64\www\tarefapw3\system\View\View.php(198): CodeIgniter\Exceptions\FrameworkException::forInvalidFile('js.php')
#1 C:\wamp64\www\tarefapw3\system\Common.php(1089): CodeIgniter\View\View->render('js', Array, true)
#2 C:\wamp64\www\tarefapw3\app\Controllers\Home.php(16): view('js')
#3 C:\wamp64\www\tarefapw3\system\CodeIgniter.php(832): App\Controllers\Home->page('js', 'index.js')
#4 C:\wamp64\www\tarefapw3\system\CodeIgniter.php(419): CodeIgniter\CodeIgniter->runController(Object(App\Controllers\Home))
#5 C:\wamp64\www\tarefapw3\system\CodeIgniter.php(326): CodeIgniter\CodeIgniter->handleRequest(NULL, Object(Config\Cache), false)
#6 C:\wamp64\www\tarefapw3\public\index.php(37): CodeIgniter\CodeIgniter->run()
#7 C:\wamp64\www\tarefapw3\system\Commands\Server\rewrite.php(43): require_once('C:\\wamp64\\www\\t...')
#8 {main}
CRITICAL - 2022-04-28 06:33:43 --> Invalid file: img.php
#0 C:\wamp64\www\tarefapw3\system\View\View.php(198): CodeIgniter\Exceptions\FrameworkException::forInvalidFile('img.php')
#1 C:\wamp64\www\tarefapw3\system\Common.php(1089): CodeIgniter\View\View->render('img', Array, true)
#2 C:\wamp64\www\tarefapw3\app\Controllers\Home.php(16): view('img')
#3 C:\wamp64\www\tarefapw3\system\CodeIgniter.php(832): App\Controllers\Home->page('img', 'logo3.jpg')
#4 C:\wamp64\www\tarefapw3\system\CodeIgniter.php(419): CodeIgniter\CodeIgniter->runController(Object(App\Controllers\Home))
#5 C:\wamp64\www\tarefapw3\system\CodeIgniter.php(326): CodeIgniter\CodeIgniter->handleRequest(NULL, Object(Config\Cache), false)
#6 C:\wamp64\www\tarefapw3\public\index.php(37): CodeIgniter\CodeIgniter->run()
#7 C:\wamp64\www\tarefapw3\system\Commands\Server\rewrite.php(43): require_once('C:\\wamp64\\www\\t...')
#8 {main}
CRITICAL - 2022-04-28 06:58:10 --> Invalid file: template/header.php
#0 C:\wamp64\www\tarefapw3\system\View\View.php(198): CodeIgniter\Exceptions\FrameworkException::forInvalidFile('template/header...')
#1 C:\wamp64\www\tarefapw3\system\Common.php(1089): CodeIgniter\View\View->render('template/header', Array, true)
#2 C:\wamp64\www\tarefapw3\app\Controllers\Home.php(15): view('template/header')
#3 C:\wamp64\www\tarefapw3\system\CodeIgniter.php(832): App\Controllers\Home->page('principal')
#4 C:\wamp64\www\tarefapw3\system\CodeIgniter.php(419): CodeIgniter\CodeIgniter->runController(Object(App\Controllers\Home))
#5 C:\wamp64\www\tarefapw3\system\CodeIgniter.php(326): CodeIgniter\CodeIgniter->handleRequest(NULL, Object(Config\Cache), false)
#6 C:\wamp64\www\tarefapw3\public\index.php(37): CodeIgniter\CodeIgniter->run()
#7 C:\wamp64\www\tarefapw3\system\Commands\Server\rewrite.php(43): require_once('C:\\wamp64\\www\\t...')
#8 {main}
CRITICAL - 2022-04-28 06:58:31 --> Invalid file: template/header.php
#0 C:\wamp64\www\tarefapw3\system\View\View.php(198): CodeIgniter\Exceptions\FrameworkException::forInvalidFile('template/header...')
#1 C:\wamp64\www\tarefapw3\system\Common.php(1089): CodeIgniter\View\View->render('template/header', Array, true)
#2 C:\wamp64\www\tarefapw3\app\Controllers\Home.php(15): view('template/header')
#3 C:\wamp64\www\tarefapw3\system\CodeIgniter.php(832): App\Controllers\Home->page('principal')
#4 C:\wamp64\www\tarefapw3\system\CodeIgniter.php(419): CodeIgniter\CodeIgniter->runController(Object(App\Controllers\Home))
#5 C:\wamp64\www\tarefapw3\system\CodeIgniter.php(326): CodeIgniter\CodeIgniter->handleRequest(NULL, Object(Config\Cache), false)
#6 C:\wamp64\www\tarefapw3\public\index.php(37): CodeIgniter\CodeIgniter->run()
#7 C:\wamp64\www\tarefapw3\system\Commands\Server\rewrite.php(43): require_once('C:\\wamp64\\www\\t...')
#8 {main}
CRITICAL - 2022-04-28 06:58:32 --> Invalid file: template/header.php
#0 C:\wamp64\www\tarefapw3\system\View\View.php(198): CodeIgniter\Exceptions\FrameworkException::forInvalidFile('template/header...')
#1 C:\wamp64\www\tarefapw3\system\Common.php(1089): CodeIgniter\View\View->render('template/header', Array, true)
#2 C:\wamp64\www\tarefapw3\app\Controllers\Home.php(15): view('template/header')
#3 C:\wamp64\www\tarefapw3\system\CodeIgniter.php(832): App\Controllers\Home->page('principal')
#4 C:\wamp64\www\tarefapw3\system\CodeIgniter.php(419): CodeIgniter\CodeIgniter->runController(Object(App\Controllers\Home))
#5 C:\wamp64\www\tarefapw3\system\CodeIgniter.php(326): CodeIgniter\CodeIgniter->handleRequest(NULL, Object(Config\Cache), false)
#6 C:\wamp64\www\tarefapw3\public\index.php(37): CodeIgniter\CodeIgniter->run()
#7 C:\wamp64\www\tarefapw3\system\Commands\Server\rewrite.php(43): require_once('C:\\wamp64\\www\\t...')
#8 {main}
CRITICAL - 2022-04-28 06:59:05 --> Invalid file: template/header.php
#0 C:\wamp64\www\tarefapw3\system\View\View.php(198): CodeIgniter\Exceptions\FrameworkException::forInvalidFile('template/header...')
#1 C:\wamp64\www\tarefapw3\system\Common.php(1089): CodeIgniter\View\View->render('template/header', Array, true)
#2 C:\wamp64\www\tarefapw3\app\Controllers\Home.php(15): view('template/header')
#3 C:\wamp64\www\tarefapw3\system\CodeIgniter.php(832): App\Controllers\Home->page('principal')
#4 C:\wamp64\www\tarefapw3\system\CodeIgniter.php(419): CodeIgniter\CodeIgniter->runController(Object(App\Controllers\Home))
#5 C:\wamp64\www\tarefapw3\system\CodeIgniter.php(326): CodeIgniter\CodeIgniter->handleRequest(NULL, Object(Config\Cache), false)
#6 C:\wamp64\www\tarefapw3\public\index.php(37): CodeIgniter\CodeIgniter->run()
#7 C:\wamp64\www\tarefapw3\system\Commands\Server\rewrite.php(43): require_once('C:\\wamp64\\www\\t...')
#8 {main}
CRITICAL - 2022-04-28 06:59:12 --> Invalid file: template/header.php
#0 C:\wamp64\www\tarefapw3\system\View\View.php(198): CodeIgniter\Exceptions\FrameworkException::forInvalidFile('template/header...')
#1 C:\wamp64\www\tarefapw3\system\Common.php(1089): CodeIgniter\View\View->render('template/header', Array, true)
#2 C:\wamp64\www\tarefapw3\app\Controllers\Home.php(15): view('template/header')
#3 C:\wamp64\www\tarefapw3\system\CodeIgniter.php(832): App\Controllers\Home->page('principal')
#4 C:\wamp64\www\tarefapw3\system\CodeIgniter.php(419): CodeIgniter\CodeIgniter->runController(Object(App\Controllers\Home))
#5 C:\wamp64\www\tarefapw3\system\CodeIgniter.php(326): CodeIgniter\CodeIgniter->handleRequest(NULL, Object(Config\Cache), false)
#6 C:\wamp64\www\tarefapw3\public\index.php(37): CodeIgniter\CodeIgniter->run()
#7 C:\wamp64\www\tarefapw3\system\Commands\Server\rewrite.php(43): require_once('C:\\wamp64\\www\\t...')
#8 {main}
CRITICAL - 2022-04-28 06:59:13 --> Invalid file: template/header.php
#0 C:\wamp64\www\tarefapw3\system\View\View.php(198): CodeIgniter\Exceptions\FrameworkException::forInvalidFile('template/header...')
#1 C:\wamp64\www\tarefapw3\system\Common.php(1089): CodeIgniter\View\View->render('template/header', Array, true)
#2 C:\wamp64\www\tarefapw3\app\Controllers\Home.php(15): view('template/header')
#3 C:\wamp64\www\tarefapw3\system\CodeIgniter.php(832): App\Controllers\Home->page('principal')
#4 C:\wamp64\www\tarefapw3\system\CodeIgniter.php(419): CodeIgniter\CodeIgniter->runController(Object(App\Controllers\Home))
#5 C:\wamp64\www\tarefapw3\system\CodeIgniter.php(326): CodeIgniter\CodeIgniter->handleRequest(NULL, Object(Config\Cache), false)
#6 C:\wamp64\www\tarefapw3\public\index.php(37): CodeIgniter\CodeIgniter->run()
#7 C:\wamp64\www\tarefapw3\system\Commands\Server\rewrite.php(43): require_once('C:\\wamp64\\www\\t...')
#8 {main}
CRITICAL - 2022-04-28 06:59:13 --> Invalid file: template/header.php
#0 C:\wamp64\www\tarefapw3\system\View\View.php(198): CodeIgniter\Exceptions\FrameworkException::forInvalidFile('template/header...')
#1 C:\wamp64\www\tarefapw3\system\Common.php(1089): CodeIgniter\View\View->render('template/header', Array, true)
#2 C:\wamp64\www\tarefapw3\app\Controllers\Home.php(15): view('template/header')
#3 C:\wamp64\www\tarefapw3\system\CodeIgniter.php(832): App\Controllers\Home->page('principal')
#4 C:\wamp64\www\tarefapw3\system\CodeIgniter.php(419): CodeIgniter\CodeIgniter->runController(Object(App\Controllers\Home))
#5 C:\wamp64\www\tarefapw3\system\CodeIgniter.php(326): CodeIgniter\CodeIgniter->handleRequest(NULL, Object(Config\Cache), false)
#6 C:\wamp64\www\tarefapw3\public\index.php(37): CodeIgniter\CodeIgniter->run()
#7 C:\wamp64\www\tarefapw3\system\Commands\Server\rewrite.php(43): require_once('C:\\wamp64\\www\\t...')
#8 {main}
CRITICAL - 2022-04-28 06:59:13 --> Invalid file: template/header.php
#0 C:\wamp64\www\tarefapw3\system\View\View.php(198): CodeIgniter\Exceptions\FrameworkException::forInvalidFile('template/header...')
#1 C:\wamp64\www\tarefapw3\system\Common.php(1089): CodeIgniter\View\View->render('template/header', Array, true)
#2 C:\wamp64\www\tarefapw3\app\Controllers\Home.php(15): view('template/header')
#3 C:\wamp64\www\tarefapw3\system\CodeIgniter.php(832): App\Controllers\Home->page('principal')
#4 C:\wamp64\www\tarefapw3\system\CodeIgniter.php(419): CodeIgniter\CodeIgniter->runController(Object(App\Controllers\Home))
#5 C:\wamp64\www\tarefapw3\system\CodeIgniter.php(326): CodeIgniter\CodeIgniter->handleRequest(NULL, Object(Config\Cache), false)
#6 C:\wamp64\www\tarefapw3\public\index.php(37): CodeIgniter\CodeIgniter->run()
#7 C:\wamp64\www\tarefapw3\system\Commands\Server\rewrite.php(43): require_once('C:\\wamp64\\www\\t...')
#8 {main}
CRITICAL - 2022-04-28 06:59:13 --> Invalid file: template/header.php
#0 C:\wamp64\www\tarefapw3\system\View\View.php(198): CodeIgniter\Exceptions\FrameworkException::forInvalidFile('template/header...')
#1 C:\wamp64\www\tarefapw3\system\Common.php(1089): CodeIgniter\View\View->render('template/header', Array, true)
#2 C:\wamp64\www\tarefapw3\app\Controllers\Home.php(15): view('template/header')
#3 C:\wamp64\www\tarefapw3\system\CodeIgniter.php(832): App\Controllers\Home->page('principal')
#4 C:\wamp64\www\tarefapw3\system\CodeIgniter.php(419): CodeIgniter\CodeIgniter->runController(Object(App\Controllers\Home))
#5 C:\wamp64\www\tarefapw3\system\CodeIgniter.php(326): CodeIgniter\CodeIgniter->handleRequest(NULL, Object(Config\Cache), false)
#6 C:\wamp64\www\tarefapw3\public\index.php(37): CodeIgniter\CodeIgniter->run()
#7 C:\wamp64\www\tarefapw3\system\Commands\Server\rewrite.php(43): require_once('C:\\wamp64\\www\\t...')
#8 {main}
CRITICAL - 2022-04-28 06:59:14 --> Invalid file: template/header.php
#0 C:\wamp64\www\tarefapw3\system\View\View.php(198): CodeIgniter\Exceptions\FrameworkException::forInvalidFile('template/header...')
#1 C:\wamp64\www\tarefapw3\system\Common.php(1089): CodeIgniter\View\View->render('template/header', Array, true)
#2 C:\wamp64\www\tarefapw3\app\Controllers\Home.php(15): view('template/header')
#3 C:\wamp64\www\tarefapw3\system\CodeIgniter.php(832): App\Controllers\Home->page('principal')
#4 C:\wamp64\www\tarefapw3\system\CodeIgniter.php(419): CodeIgniter\CodeIgniter->runController(Object(App\Controllers\Home))
#5 C:\wamp64\www\tarefapw3\system\CodeIgniter.php(326): CodeIgniter\CodeIgniter->handleRequest(NULL, Object(Config\Cache), false)
#6 C:\wamp64\www\tarefapw3\public\index.php(37): CodeIgniter\CodeIgniter->run()
#7 C:\wamp64\www\tarefapw3\system\Commands\Server\rewrite.php(43): require_once('C:\\wamp64\\www\\t...')
#8 {main}
CRITICAL - 2022-04-28 06:59:14 --> Invalid file: template/header.php
#0 C:\wamp64\www\tarefapw3\system\View\View.php(198): CodeIgniter\Exceptions\FrameworkException::forInvalidFile('template/header...')
#1 C:\wamp64\www\tarefapw3\system\Common.php(1089): CodeIgniter\View\View->render('template/header', Array, true)
#2 C:\wamp64\www\tarefapw3\app\Controllers\Home.php(15): view('template/header')
#3 C:\wamp64\www\tarefapw3\system\CodeIgniter.php(832): App\Controllers\Home->page('principal')
#4 C:\wamp64\www\tarefapw3\system\CodeIgniter.php(419): CodeIgniter\CodeIgniter->runController(Object(App\Controllers\Home))
#5 C:\wamp64\www\tarefapw3\system\CodeIgniter.php(326): CodeIgniter\CodeIgniter->handleRequest(NULL, Object(Config\Cache), false)
#6 C:\wamp64\www\tarefapw3\public\index.php(37): CodeIgniter\CodeIgniter->run()
#7 C:\wamp64\www\tarefapw3\system\Commands\Server\rewrite.php(43): require_once('C:\\wamp64\\www\\t...')
#8 {main}
CRITICAL - 2022-04-28 06:59:14 --> Invalid file: template/header.php
#0 C:\wamp64\www\tarefapw3\system\View\View.php(198): CodeIgniter\Exceptions\FrameworkException::forInvalidFile('template/header...')
#1 C:\wamp64\www\tarefapw3\system\Common.php(1089): CodeIgniter\View\View->render('template/header', Array, true)
#2 C:\wamp64\www\tarefapw3\app\Controllers\Home.php(15): view('template/header')
#3 C:\wamp64\www\tarefapw3\system\CodeIgniter.php(832): App\Controllers\Home->page('principal')
#4 C:\wamp64\www\tarefapw3\system\CodeIgniter.php(419): CodeIgniter\CodeIgniter->runController(Object(App\Controllers\Home))
#5 C:\wamp64\www\tarefapw3\system\CodeIgniter.php(326): CodeIgniter\CodeIgniter->handleRequest(NULL, Object(Config\Cache), false)
#6 C:\wamp64\www\tarefapw3\public\index.php(37): CodeIgniter\CodeIgniter->run()
#7 C:\wamp64\www\tarefapw3\system\Commands\Server\rewrite.php(43): require_once('C:\\wamp64\\www\\t...')
#8 {main}
CRITICAL - 2022-04-28 06:59:14 --> Invalid file: template/header.php
#0 C:\wamp64\www\tarefapw3\system\View\View.php(198): CodeIgniter\Exceptions\FrameworkException::forInvalidFile('template/header...')
#1 C:\wamp64\www\tarefapw3\system\Common.php(1089): CodeIgniter\View\View->render('template/header', Array, true)
#2 C:\wamp64\www\tarefapw3\app\Controllers\Home.php(15): view('template/header')
#3 C:\wamp64\www\tarefapw3\system\CodeIgniter.php(832): App\Controllers\Home->page('principal')
#4 C:\wamp64\www\tarefapw3\system\CodeIgniter.php(419): CodeIgniter\CodeIgniter->runController(Object(App\Controllers\Home))
#5 C:\wamp64\www\tarefapw3\system\CodeIgniter.php(326): CodeIgniter\CodeIgniter->handleRequest(NULL, Object(Config\Cache), false)
#6 C:\wamp64\www\tarefapw3\public\index.php(37): CodeIgniter\CodeIgniter->run()
#7 C:\wamp64\www\tarefapw3\system\Commands\Server\rewrite.php(43): require_once('C:\\wamp64\\www\\t...')
#8 {main}
CRITICAL - 2022-04-28 06:59:14 --> Invalid file: template/header.php
#0 C:\wamp64\www\tarefapw3\system\View\View.php(198): CodeIgniter\Exceptions\FrameworkException::forInvalidFile('template/header...')
#1 C:\wamp64\www\tarefapw3\system\Common.php(1089): CodeIgniter\View\View->render('template/header', Array, true)
#2 C:\wamp64\www\tarefapw3\app\Controllers\Home.php(15): view('template/header')
#3 C:\wamp64\www\tarefapw3\system\CodeIgniter.php(832): App\Controllers\Home->page('principal')
#4 C:\wamp64\www\tarefapw3\system\CodeIgniter.php(419): CodeIgniter\CodeIgniter->runController(Object(App\Controllers\Home))
#5 C:\wamp64\www\tarefapw3\system\CodeIgniter.php(326): CodeIgniter\CodeIgniter->handleRequest(NULL, Object(Config\Cache), false)
#6 C:\wamp64\www\tarefapw3\public\index.php(37): CodeIgniter\CodeIgniter->run()
#7 C:\wamp64\www\tarefapw3\system\Commands\Server\rewrite.php(43): require_once('C:\\wamp64\\www\\t...')
#8 {main}
CRITICAL - 2022-04-28 06:59:14 --> Invalid file: template/header.php
#0 C:\wamp64\www\tarefapw3\system\View\View.php(198): CodeIgniter\Exceptions\FrameworkException::forInvalidFile('template/header...')
#1 C:\wamp64\www\tarefapw3\system\Common.php(1089): CodeIgniter\View\View->render('template/header', Array, true)
#2 C:\wamp64\www\tarefapw3\app\Controllers\Home.php(15): view('template/header')
#3 C:\wamp64\www\tarefapw3\system\CodeIgniter.php(832): App\Controllers\Home->page('principal')
#4 C:\wamp64\www\tarefapw3\system\CodeIgniter.php(419): CodeIgniter\CodeIgniter->runController(Object(App\Controllers\Home))
#5 C:\wamp64\www\tarefapw3\system\CodeIgniter.php(326): CodeIgniter\CodeIgniter->handleRequest(NULL, Object(Config\Cache), false)
#6 C:\wamp64\www\tarefapw3\public\index.php(37): CodeIgniter\CodeIgniter->run()
#7 C:\wamp64\www\tarefapw3\system\Commands\Server\rewrite.php(43): require_once('C:\\wamp64\\www\\t...')
#8 {main}
CRITICAL - 2022-04-28 06:59:51 --> Invalid file: template/header.php
#0 C:\wamp64\www\tarefapw3\system\View\View.php(198): CodeIgniter\Exceptions\FrameworkException::forInvalidFile('template/header...')
#1 C:\wamp64\www\tarefapw3\system\Common.php(1089): CodeIgniter\View\View->render('template/header', Array, true)
#2 C:\wamp64\www\tarefapw3\app\Controllers\Home.php(15): view('template/header')
#3 C:\wamp64\www\tarefapw3\system\CodeIgniter.php(832): App\Controllers\Home->page('principal')
#4 C:\wamp64\www\tarefapw3\system\CodeIgniter.php(419): CodeIgniter\CodeIgniter->runController(Object(App\Controllers\Home))
#5 C:\wamp64\www\tarefapw3\system\CodeIgniter.php(326): CodeIgniter\CodeIgniter->handleRequest(NULL, Object(Config\Cache), false)
#6 C:\wamp64\www\tarefapw3\public\index.php(37): CodeIgniter\CodeIgniter->run()
#7 C:\wamp64\www\tarefapw3\system\Commands\Server\rewrite.php(43): require_once('C:\\wamp64\\www\\t...')
#8 {main}
CRITICAL - 2022-04-28 07:00:12 --> Invalid file: template/header.php
#0 C:\wamp64\www\tarefapw3\system\View\View.php(198): CodeIgniter\Exceptions\FrameworkException::forInvalidFile('template/header...')
#1 C:\wamp64\www\tarefapw3\system\Common.php(1089): CodeIgniter\View\View->render('template/header', Array, true)
#2 C:\wamp64\www\tarefapw3\app\Controllers\Home.php(15): view('template/header')
#3 C:\wamp64\www\tarefapw3\system\CodeIgniter.php(832): App\Controllers\Home->page('principal')
#4 C:\wamp64\www\tarefapw3\system\CodeIgniter.php(419): CodeIgniter\CodeIgniter->runController(Object(App\Controllers\Home))
#5 C:\wamp64\www\tarefapw3\system\CodeIgniter.php(326): CodeIgniter\CodeIgniter->handleRequest(NULL, Object(Config\Cache), false)
#6 C:\wamp64\www\tarefapw3\public\index.php(37): CodeIgniter\CodeIgniter->run()
#7 C:\wamp64\www\tarefapw3\system\Commands\Server\rewrite.php(43): require_once('C:\\wamp64\\www\\t...')
#8 {main}
CRITICAL - 2022-04-28 07:00:18 --> Invalid file: template/header.php
#0 C:\wamp64\www\tarefapw3\system\View\View.php(198): CodeIgniter\Exceptions\FrameworkException::forInvalidFile('template/header...')
#1 C:\wamp64\www\tarefapw3\system\Common.php(1089): CodeIgniter\View\View->render('template/header', Array, true)
#2 C:\wamp64\www\tarefapw3\app\Controllers\Home.php(9): view('template/header')
#3 C:\wamp64\www\tarefapw3\system\CodeIgniter.php(832): App\Controllers\Home->index()
#4 C:\wamp64\www\tarefapw3\system\CodeIgniter.php(419): CodeIgniter\CodeIgniter->runController(Object(App\Controllers\Home))
#5 C:\wamp64\www\tarefapw3\system\CodeIgniter.php(326): CodeIgniter\CodeIgniter->handleRequest(NULL, Object(Config\Cache), false)
#6 C:\wamp64\www\tarefapw3\public\index.php(37): CodeIgniter\CodeIgniter->run()
#7 C:\wamp64\www\tarefapw3\system\Commands\Server\rewrite.php(43): require_once('C:\\wamp64\\www\\t...')
#8 {main}
CRITICAL - 2022-04-28 07:00:19 --> Invalid file: template/header.php
#0 C:\wamp64\www\tarefapw3\system\View\View.php(198): CodeIgniter\Exceptions\FrameworkException::forInvalidFile('template/header...')
#1 C:\wamp64\www\tarefapw3\system\Common.php(1089): CodeIgniter\View\View->render('template/header', Array, true)
#2 C:\wamp64\www\tarefapw3\app\Controllers\Home.php(9): view('template/header')
#3 C:\wamp64\www\tarefapw3\system\CodeIgniter.php(832): App\Controllers\Home->index()
#4 C:\wamp64\www\tarefapw3\system\CodeIgniter.php(419): CodeIgniter\CodeIgniter->runController(Object(App\Controllers\Home))
#5 C:\wamp64\www\tarefapw3\system\CodeIgniter.php(326): CodeIgniter\CodeIgniter->handleRequest(NULL, Object(Config\Cache), false)
#6 C:\wamp64\www\tarefapw3\public\index.php(37): CodeIgniter\CodeIgniter->run()
#7 C:\wamp64\www\tarefapw3\system\Commands\Server\rewrite.php(43): require_once('C:\\wamp64\\www\\t...')
#8 {main}
CRITICAL - 2022-04-28 07:00:41 --> Invalid file: template/header.php
#0 C:\wamp64\www\tarefapw3\system\View\View.php(198): CodeIgniter\Exceptions\FrameworkException::forInvalidFile('template/header...')
#1 C:\wamp64\www\tarefapw3\system\Common.php(1089): CodeIgniter\View\View->render('template/header', Array, true)
#2 C:\wamp64\www\tarefapw3\app\Controllers\Home.php(9): view('template/header')
#3 C:\wamp64\www\tarefapw3\system\CodeIgniter.php(832): App\Controllers\Home->index()
#4 C:\wamp64\www\tarefapw3\system\CodeIgniter.php(419): CodeIgniter\CodeIgniter->runController(Object(App\Controllers\Home))
#5 C:\wamp64\www\tarefapw3\system\CodeIgniter.php(326): CodeIgniter\CodeIgniter->handleRequest(NULL, Object(Config\Cache), false)
#6 C:\wamp64\www\tarefapw3\public\index.php(37): CodeIgniter\CodeIgniter->run()
#7 C:\wamp64\www\tarefapw3\system\Commands\Server\rewrite.php(43): require_once('C:\\wamp64\\www\\t...')
#8 {main}
CRITICAL - 2022-04-28 07:08:57 --> Invalid file: img.php
#0 C:\wamp64\www\tarefapw3\system\View\View.php(198): CodeIgniter\Exceptions\FrameworkException::forInvalidFile('img.php')
#1 C:\wamp64\www\tarefapw3\system\Common.php(1089): CodeIgniter\View\View->render('img', Array, true)
#2 C:\wamp64\www\tarefapw3\app\Controllers\Home.php(16): view('img')
#3 C:\wamp64\www\tarefapw3\system\CodeIgniter.php(832): App\Controllers\Home->page('img', 'logo3.png')
#4 C:\wamp64\www\tarefapw3\system\CodeIgniter.php(419): CodeIgniter\CodeIgniter->runController(Object(App\Controllers\Home))
#5 C:\wamp64\www\tarefapw3\system\CodeIgniter.php(326): CodeIgniter\CodeIgniter->handleRequest(NULL, Object(Config\Cache), false)
#6 C:\wamp64\www\tarefapw3\public\index.php(37): CodeIgniter\CodeIgniter->run()
#7 C:\wamp64\www\tarefapw3\system\Commands\Server\rewrite.php(43): require_once('C:\\wamp64\\www\\t...')
#8 {main}
CRITICAL - 2022-04-28 07:32:49 --> Invalid file: css.php
#0 C:\wamp64\www\tarefapw3\system\View\View.php(198): CodeIgniter\Exceptions\FrameworkException::forInvalidFile('css.php')
#1 C:\wamp64\www\tarefapw3\system\Common.php(1089): CodeIgniter\View\View->render('css', Array, true)
#2 C:\wamp64\www\tarefapw3\app\Controllers\Home.php(16): view('css')
#3 C:\wamp64\www\tarefapw3\system\CodeIgniter.php(832): App\Controllers\Home->page('css', 'index.css')
#4 C:\wamp64\www\tarefapw3\system\CodeIgniter.php(419): CodeIgniter\CodeIgniter->runController(Object(App\Controllers\Home))
#5 C:\wamp64\www\tarefapw3\system\CodeIgniter.php(326): CodeIgniter\CodeIgniter->handleRequest(NULL, Object(Config\Cache), false)
#6 C:\wamp64\www\tarefapw3\public\index.php(37): CodeIgniter\CodeIgniter->run()
#7 C:\wamp64\www\tarefapw3\system\Commands\Server\rewrite.php(43): require_once('C:\\wamp64\\www\\t...')
#8 {main}
CRITICAL - 2022-04-28 07:32:49 --> Invalid file: js.php
#0 C:\wamp64\www\tarefapw3\system\View\View.php(198): CodeIgniter\Exceptions\FrameworkException::forInvalidFile('js.php')
#1 C:\wamp64\www\tarefapw3\system\Common.php(1089): CodeIgniter\View\View->render('js', Array, true)
#2 C:\wamp64\www\tarefapw3\app\Controllers\Home.php(16): view('js')
#3 C:\wamp64\www\tarefapw3\system\CodeIgniter.php(832): App\Controllers\Home->page('js', 'index.js')
#4 C:\wamp64\www\tarefapw3\system\CodeIgniter.php(419): CodeIgniter\CodeIgniter->runController(Object(App\Controllers\Home))
#5 C:\wamp64\www\tarefapw3\system\CodeIgniter.php(326): CodeIgniter\CodeIgniter->handleRequest(NULL, Object(Config\Cache), false)
#6 C:\wamp64\www\tarefapw3\public\index.php(37): CodeIgniter\CodeIgniter->run()
#7 C:\wamp64\www\tarefapw3\system\Commands\Server\rewrite.php(43): require_once('C:\\wamp64\\www\\t...')
#8 {main}
CRITICAL - 2022-04-28 08:07:09 --> Invalid file: css.php
#0 C:\wamp64\www\tarefapw3\system\View\View.php(198): CodeIgniter\Exceptions\FrameworkException::forInvalidFile('css.php')
#1 C:\wamp64\www\tarefapw3\system\Common.php(1089): CodeIgniter\View\View->render('css', Array, true)
#2 C:\wamp64\www\tarefapw3\app\Controllers\Home.php(16): view('css')
#3 C:\wamp64\www\tarefapw3\system\CodeIgniter.php(832): App\Controllers\Home->page('css', 'index.css')
#4 C:\wamp64\www\tarefapw3\system\CodeIgniter.php(419): CodeIgniter\CodeIgniter->runController(Object(App\Controllers\Home))
#5 C:\wamp64\www\tarefapw3\system\CodeIgniter.php(326): CodeIgniter\CodeIgniter->handleRequest(NULL, Object(Config\Cache), false)
#6 C:\wamp64\www\tarefapw3\public\index.php(37): CodeIgniter\CodeIgniter->run()
#7 C:\wamp64\www\tarefapw3\system\Commands\Server\rewrite.php(43): require_once('C:\\wamp64\\www\\t...')
#8 {main}
CRITICAL - 2022-04-28 08:07:09 --> Invalid file: js.php
#0 C:\wamp64\www\tarefapw3\system\View\View.php(198): CodeIgniter\Exceptions\FrameworkException::forInvalidFile('js.php')
#1 C:\wamp64\www\tarefapw3\system\Common.php(1089): CodeIgniter\View\View->render('js', Array, true)
#2 C:\wamp64\www\tarefapw3\app\Controllers\Home.php(16): view('js')
#3 C:\wamp64\www\tarefapw3\system\CodeIgniter.php(832): App\Controllers\Home->page('js', 'index.js')
#4 C:\wamp64\www\tarefapw3\system\CodeIgniter.php(419): CodeIgniter\CodeIgniter->runController(Object(App\Controllers\Home))
#5 C:\wamp64\www\tarefapw3\system\CodeIgniter.php(326): CodeIgniter\CodeIgniter->handleRequest(NULL, Object(Config\Cache), false)
#6 C:\wamp64\www\tarefapw3\public\index.php(37): CodeIgniter\CodeIgniter->run()
#7 C:\wamp64\www\tarefapw3\system\Commands\Server\rewrite.php(43): require_once('C:\\wamp64\\www\\t...')
#8 {main}
CRITICAL - 2022-04-28 08:09:26 --> Invalid file: quiz.php
#0 C:\wamp64\www\tarefapw3\system\View\View.php(198): CodeIgniter\Exceptions\FrameworkException::forInvalidFile('quiz.php')
#1 C:\wamp64\www\tarefapw3\system\Common.php(1089): CodeIgniter\View\View->render('quiz', Array, true)
#2 C:\wamp64\www\tarefapw3\app\Controllers\Home.php(16): view('quiz')
#3 C:\wamp64\www\tarefapw3\system\CodeIgniter.php(832): App\Controllers\Home->page('quiz')
#4 C:\wamp64\www\tarefapw3\system\CodeIgniter.php(419): CodeIgniter\CodeIgniter->runController(Object(App\Controllers\Home))
#5 C:\wamp64\www\tarefapw3\system\CodeIgniter.php(326): CodeIgniter\CodeIgniter->handleRequest(NULL, Object(Config\Cache), false)
#6 C:\wamp64\www\tarefapw3\public\index.php(37): CodeIgniter\CodeIgniter->run()
#7 C:\wamp64\www\tarefapw3\system\Commands\Server\rewrite.php(43): require_once('C:\\wamp64\\www\\t...')
#8 {main}
CRITICAL - 2022-04-28 08:09:29 --> Invalid file: css.php
#0 C:\wamp64\www\tarefapw3\system\View\View.php(198): CodeIgniter\Exceptions\FrameworkException::forInvalidFile('css.php')
#1 C:\wamp64\www\tarefapw3\system\Common.php(1089): CodeIgniter\View\View->render('css', Array, true)
#2 C:\wamp64\www\tarefapw3\app\Controllers\Home.php(16): view('css')
#3 C:\wamp64\www\tarefapw3\system\CodeIgniter.php(832): App\Controllers\Home->page('css', 'index.css')
#4 C:\wamp64\www\tarefapw3\system\CodeIgniter.php(419): CodeIgniter\CodeIgniter->runController(Object(App\Controllers\Home))
#5 C:\wamp64\www\tarefapw3\system\CodeIgniter.php(326): CodeIgniter\CodeIgniter->handleRequest(NULL, Object(Config\Cache), false)
#6 C:\wamp64\www\tarefapw3\public\index.php(37): CodeIgniter\CodeIgniter->run()
#7 C:\wamp64\www\tarefapw3\system\Commands\Server\rewrite.php(43): require_once('C:\\wamp64\\www\\t...')
#8 {main}
CRITICAL - 2022-04-28 08:09:29 --> Invalid file: js.php
#0 C:\wamp64\www\tarefapw3\system\View\View.php(198): CodeIgniter\Exceptions\FrameworkException::forInvalidFile('js.php')
#1 C:\wamp64\www\tarefapw3\system\Common.php(1089): CodeIgniter\View\View->render('js', Array, true)
#2 C:\wamp64\www\tarefapw3\app\Controllers\Home.php(16): view('js')
#3 C:\wamp64\www\tarefapw3\system\CodeIgniter.php(832): App\Controllers\Home->page('js', 'index.js')
#4 C:\wamp64\www\tarefapw3\system\CodeIgniter.php(419): CodeIgniter\CodeIgniter->runController(Object(App\Controllers\Home))
#5 C:\wamp64\www\tarefapw3\system\CodeIgniter.php(326): CodeIgniter\CodeIgniter->handleRequest(NULL, Object(Config\Cache), false)
#6 C:\wamp64\www\tarefapw3\public\index.php(37): CodeIgniter\CodeIgniter->run()
#7 C:\wamp64\www\tarefapw3\system\Commands\Server\rewrite.php(43): require_once('C:\\wamp64\\www\\t...')
#8 {main}
CRITICAL - 2022-04-28 08:10:25 --> Invalid file: css.php
#0 C:\wamp64\www\tarefapw3\system\View\View.php(198): CodeIgniter\Exceptions\FrameworkException::forInvalidFile('css.php')
#1 C:\wamp64\www\tarefapw3\system\Common.php(1089): CodeIgniter\View\View->render('css', Array, true)
#2 C:\wamp64\www\tarefapw3\app\Controllers\Home.php(16): view('css')
#3 C:\wamp64\www\tarefapw3\system\CodeIgniter.php(832): App\Controllers\Home->page('css', 'index.css')
#4 C:\wamp64\www\tarefapw3\system\CodeIgniter.php(419): CodeIgniter\CodeIgniter->runController(Object(App\Controllers\Home))
#5 C:\wamp64\www\tarefapw3\system\CodeIgniter.php(326): CodeIgniter\CodeIgniter->handleRequest(NULL, Object(Config\Cache), false)
#6 C:\wamp64\www\tarefapw3\public\index.php(37): CodeIgniter\CodeIgniter->run()
#7 C:\wamp64\www\tarefapw3\system\Commands\Server\rewrite.php(43): require_once('C:\\wamp64\\www\\t...')
#8 {main}
CRITICAL - 2022-04-28 08:10:25 --> Invalid file: js.php
#0 C:\wamp64\www\tarefapw3\system\View\View.php(198): CodeIgniter\Exceptions\FrameworkException::forInvalidFile('js.php')
#1 C:\wamp64\www\tarefapw3\system\Common.php(1089): CodeIgniter\View\View->render('js', Array, true)
#2 C:\wamp64\www\tarefapw3\app\Controllers\Home.php(16): view('js')
#3 C:\wamp64\www\tarefapw3\system\CodeIgniter.php(832): App\Controllers\Home->page('js', 'index.js')
#4 C:\wamp64\www\tarefapw3\system\CodeIgniter.php(419): CodeIgniter\CodeIgniter->runController(Object(App\Controllers\Home))
#5 C:\wamp64\www\tarefapw3\system\CodeIgniter.php(326): CodeIgniter\CodeIgniter->handleRequest(NULL, Object(Config\Cache), false)
#6 C:\wamp64\www\tarefapw3\public\index.php(37): CodeIgniter\CodeIgniter->run()
#7 C:\wamp64\www\tarefapw3\system\Commands\Server\rewrite.php(43): require_once('C:\\wamp64\\www\\t...')
#8 {main}
CRITICAL - 2022-04-28 08:18:27 --> Invalid file: css.php
#0 C:\wamp64\www\tarefapw3\system\View\View.php(198): CodeIgniter\Exceptions\FrameworkException::forInvalidFile('css.php')
#1 C:\wamp64\www\tarefapw3\system\Common.php(1089): CodeIgniter\View\View->render('css', Array, true)
#2 C:\wamp64\www\tarefapw3\app\Controllers\Home.php(16): view('css')
#3 C:\wamp64\www\tarefapw3\system\CodeIgniter.php(832): App\Controllers\Home->page('css', 'index.css')
#4 C:\wamp64\www\tarefapw3\system\CodeIgniter.php(419): CodeIgniter\CodeIgniter->runController(Object(App\Controllers\Home))
#5 C:\wamp64\www\tarefapw3\system\CodeIgniter.php(326): CodeIgniter\CodeIgniter->handleRequest(NULL, Object(Config\Cache), false)
#6 C:\wamp64\www\tarefapw3\public\index.php(37): CodeIgniter\CodeIgniter->run()
#7 C:\wamp64\www\tarefapw3\system\Commands\Server\rewrite.php(43): require_once('C:\\wamp64\\www\\t...')
#8 {main}
CRITICAL - 2022-04-28 08:18:27 --> Invalid file: js.php
#0 C:\wamp64\www\tarefapw3\system\View\View.php(198): CodeIgniter\Exceptions\FrameworkException::forInvalidFile('js.php')
#1 C:\wamp64\www\tarefapw3\system\Common.php(1089): CodeIgniter\View\View->render('js', Array, true)
#2 C:\wamp64\www\tarefapw3\app\Controllers\Home.php(16): view('js')
#3 C:\wamp64\www\tarefapw3\system\CodeIgniter.php(832): App\Controllers\Home->page('js', 'index.js')
#4 C:\wamp64\www\tarefapw3\system\CodeIgniter.php(419): CodeIgniter\CodeIgniter->runController(Object(App\Controllers\Home))
#5 C:\wamp64\www\tarefapw3\system\CodeIgniter.php(326): CodeIgniter\CodeIgniter->handleRequest(NULL, Object(Config\Cache), false)
#6 C:\wamp64\www\tarefapw3\public\index.php(37): CodeIgniter\CodeIgniter->run()
#7 C:\wamp64\www\tarefapw3\system\Commands\Server\rewrite.php(43): require_once('C:\\wamp64\\www\\t...')
#8 {main}
CRITICAL - 2022-04-28 08:24:49 --> Invalid file: css.php
#0 C:\wamp64\www\tarefapw3\system\View\View.php(198): CodeIgniter\Exceptions\FrameworkException::forInvalidFile('css.php')
#1 C:\wamp64\www\tarefapw3\system\Common.php(1089): CodeIgniter\View\View->render('css', Array, true)
#2 C:\wamp64\www\tarefapw3\app\Controllers\Home.php(16): view('css')
#3 C:\wamp64\www\tarefapw3\system\CodeIgniter.php(832): App\Controllers\Home->page('css', 'index.css')
#4 C:\wamp64\www\tarefapw3\system\CodeIgniter.php(419): CodeIgniter\CodeIgniter->runController(Object(App\Controllers\Home))
#5 C:\wamp64\www\tarefapw3\system\CodeIgniter.php(326): CodeIgniter\CodeIgniter->handleRequest(NULL, Object(Config\Cache), false)
#6 C:\wamp64\www\tarefapw3\public\index.php(37): CodeIgniter\CodeIgniter->run()
#7 C:\wamp64\www\tarefapw3\system\Commands\Server\rewrite.php(43): require_once('C:\\wamp64\\www\\t...')
#8 {main}
CRITICAL - 2022-04-28 08:24:49 --> Invalid file: js.php
#0 C:\wamp64\www\tarefapw3\system\View\View.php(198): CodeIgniter\Exceptions\FrameworkException::forInvalidFile('js.php')
#1 C:\wamp64\www\tarefapw3\system\Common.php(1089): CodeIgniter\View\View->render('js', Array, true)
#2 C:\wamp64\www\tarefapw3\app\Controllers\Home.php(16): view('js')
#3 C:\wamp64\www\tarefapw3\system\CodeIgniter.php(832): App\Controllers\Home->page('js', 'index.js')
#4 C:\wamp64\www\tarefapw3\system\CodeIgniter.php(419): CodeIgniter\CodeIgniter->runController(Object(App\Controllers\Home))
#5 C:\wamp64\www\tarefapw3\system\CodeIgniter.php(326): CodeIgniter\CodeIgniter->handleRequest(NULL, Object(Config\Cache), false)
#6 C:\wamp64\www\tarefapw3\public\index.php(37): CodeIgniter\CodeIgniter->run()
#7 C:\wamp64\www\tarefapw3\system\Commands\Server\rewrite.php(43): require_once('C:\\wamp64\\www\\t...')
#8 {main}
CRITICAL - 2022-04-28 08:24:51 --> Invalid file: css.php
#0 C:\wamp64\www\tarefapw3\system\View\View.php(198): CodeIgniter\Exceptions\FrameworkException::forInvalidFile('css.php')
#1 C:\wamp64\www\tarefapw3\system\Common.php(1089): CodeIgniter\View\View->render('css', Array, true)
#2 C:\wamp64\www\tarefapw3\app\Controllers\Home.php(16): view('css')
#3 C:\wamp64\www\tarefapw3\system\CodeIgniter.php(832): App\Controllers\Home->page('css', 'index.css')
#4 C:\wamp64\www\tarefapw3\system\CodeIgniter.php(419): CodeIgniter\CodeIgniter->runController(Object(App\Controllers\Home))
#5 C:\wamp64\www\tarefapw3\system\CodeIgniter.php(326): CodeIgniter\CodeIgniter->handleRequest(NULL, Object(Config\Cache), false)
#6 C:\wamp64\www\tarefapw3\public\index.php(37): CodeIgniter\CodeIgniter->run()
#7 C:\wamp64\www\tarefapw3\system\Commands\Server\rewrite.php(43): require_once('C:\\wamp64\\www\\t...')
#8 {main}
CRITICAL - 2022-04-28 08:24:51 --> Invalid file: js.php
#0 C:\wamp64\www\tarefapw3\system\View\View.php(198): CodeIgniter\Exceptions\FrameworkException::forInvalidFile('js.php')
#1 C:\wamp64\www\tarefapw3\system\Common.php(1089): CodeIgniter\View\View->render('js', Array, true)
#2 C:\wamp64\www\tarefapw3\app\Controllers\Home.php(16): view('js')
#3 C:\wamp64\www\tarefapw3\system\CodeIgniter.php(832): App\Controllers\Home->page('js', 'index.js')
#4 C:\wamp64\www\tarefapw3\system\CodeIgniter.php(419): CodeIgniter\CodeIgniter->runController(Object(App\Controllers\Home))
#5 C:\wamp64\www\tarefapw3\system\CodeIgniter.php(326): CodeIgniter\CodeIgniter->handleRequest(NULL, Object(Config\Cache), false)
#6 C:\wamp64\www\tarefapw3\public\index.php(37): CodeIgniter\CodeIgniter->run()
#7 C:\wamp64\www\tarefapw3\system\Commands\Server\rewrite.php(43): require_once('C:\\wamp64\\www\\t...')
#8 {main}
CRITICAL - 2022-04-28 08:24:53 --> Invalid file: css.php
#0 C:\wamp64\www\tarefapw3\system\View\View.php(198): CodeIgniter\Exceptions\FrameworkException::forInvalidFile('css.php')
#1 C:\wamp64\www\tarefapw3\system\Common.php(1089): CodeIgniter\View\View->render('css', Array, true)
#2 C:\wamp64\www\tarefapw3\app\Controllers\Home.php(16): view('css')
#3 C:\wamp64\www\tarefapw3\system\CodeIgniter.php(832): App\Controllers\Home->page('css', 'index.css')
#4 C:\wamp64\www\tarefapw3\system\CodeIgniter.php(419): CodeIgniter\CodeIgniter->runController(Object(App\Controllers\Home))
#5 C:\wamp64\www\tarefapw3\system\CodeIgniter.php(326): CodeIgniter\CodeIgniter->handleRequest(NULL, Object(Config\Cache), false)
#6 C:\wamp64\www\tarefapw3\public\index.php(37): CodeIgniter\CodeIgniter->run()
#7 C:\wamp64\www\tarefapw3\system\Commands\Server\rewrite.php(43): require_once('C:\\wamp64\\www\\t...')
#8 {main}
CRITICAL - 2022-04-28 08:24:53 --> Invalid file: js.php
#0 C:\wamp64\www\tarefapw3\system\View\View.php(198): CodeIgniter\Exceptions\FrameworkException::forInvalidFile('js.php')
#1 C:\wamp64\www\tarefapw3\system\Common.php(1089): CodeIgniter\View\View->render('js', Array, true)
#2 C:\wamp64\www\tarefapw3\app\Controllers\Home.php(16): view('js')
#3 C:\wamp64\www\tarefapw3\system\CodeIgniter.php(832): App\Controllers\Home->page('js', 'index.js')
#4 C:\wamp64\www\tarefapw3\system\CodeIgniter.php(419): CodeIgniter\CodeIgniter->runController(Object(App\Controllers\Home))
#5 C:\wamp64\www\tarefapw3\system\CodeIgniter.php(326): CodeIgniter\CodeIgniter->handleRequest(NULL, Object(Config\Cache), false)
#6 C:\wamp64\www\tarefapw3\public\index.php(37): CodeIgniter\CodeIgniter->run()
#7 C:\wamp64\www\tarefapw3\system\Commands\Server\rewrite.php(43): require_once('C:\\wamp64\\www\\t...')
#8 {main}
CRITICAL - 2022-04-28 08:24:54 --> Invalid file: css.php
#0 C:\wamp64\www\tarefapw3\system\View\View.php(198): CodeIgniter\Exceptions\FrameworkException::forInvalidFile('css.php')
#1 C:\wamp64\www\tarefapw3\system\Common.php(1089): CodeIgniter\View\View->render('css', Array, true)
#2 C:\wamp64\www\tarefapw3\app\Controllers\Home.php(16): view('css')
#3 C:\wamp64\www\tarefapw3\system\CodeIgniter.php(832): App\Controllers\Home->page('css', 'index.css')
#4 C:\wamp64\www\tarefapw3\system\CodeIgniter.php(419): CodeIgniter\CodeIgniter->runController(Object(App\Controllers\Home))
#5 C:\wamp64\www\tarefapw3\system\CodeIgniter.php(326): CodeIgniter\CodeIgniter->handleRequest(NULL, Object(Config\Cache), false)
#6 C:\wamp64\www\tarefapw3\public\index.php(37): CodeIgniter\CodeIgniter->run()
#7 C:\wamp64\www\tarefapw3\system\Commands\Server\rewrite.php(43): require_once('C:\\wamp64\\www\\t...')
#8 {main}
CRITICAL - 2022-04-28 08:24:54 --> Invalid file: js.php
#0 C:\wamp64\www\tarefapw3\system\View\View.php(198): CodeIgniter\Exceptions\FrameworkException::forInvalidFile('js.php')
#1 C:\wamp64\www\tarefapw3\system\Common.php(1089): CodeIgniter\View\View->render('js', Array, true)
#2 C:\wamp64\www\tarefapw3\app\Controllers\Home.php(16): view('js')
#3 C:\wamp64\www\tarefapw3\system\CodeIgniter.php(832): App\Controllers\Home->page('js', 'index.js')
#4 C:\wamp64\www\tarefapw3\system\CodeIgniter.php(419): CodeIgniter\CodeIgniter->runController(Object(App\Controllers\Home))
#5 C:\wamp64\www\tarefapw3\system\CodeIgniter.php(326): CodeIgniter\CodeIgniter->handleRequest(NULL, Object(Config\Cache), false)
#6 C:\wamp64\www\tarefapw3\public\index.php(37): CodeIgniter\CodeIgniter->run()
#7 C:\wamp64\www\tarefapw3\system\Commands\Server\rewrite.php(43): require_once('C:\\wamp64\\www\\t...')
#8 {main}
CRITICAL - 2022-04-28 08:24:54 --> Invalid file: css.php
#0 C:\wamp64\www\tarefapw3\system\View\View.php(198): CodeIgniter\Exceptions\FrameworkException::forInvalidFile('css.php')
#1 C:\wamp64\www\tarefapw3\system\Common.php(1089): CodeIgniter\View\View->render('css', Array, true)
#2 C:\wamp64\www\tarefapw3\app\Controllers\Home.php(16): view('css')
#3 C:\wamp64\www\tarefapw3\system\CodeIgniter.php(832): App\Controllers\Home->page('css', 'index.css')
#4 C:\wamp64\www\tarefapw3\system\CodeIgniter.php(419): CodeIgniter\CodeIgniter->runController(Object(App\Controllers\Home))
#5 C:\wamp64\www\tarefapw3\system\CodeIgniter.php(326): CodeIgniter\CodeIgniter->handleRequest(NULL, Object(Config\Cache), false)
#6 C:\wamp64\www\tarefapw3\public\index.php(37): CodeIgniter\CodeIgniter->run()
#7 C:\wamp64\www\tarefapw3\system\Commands\Server\rewrite.php(43): require_once('C:\\wamp64\\www\\t...')
#8 {main}
CRITICAL - 2022-04-28 08:24:54 --> Invalid file: js.php
#0 C:\wamp64\www\tarefapw3\system\View\View.php(198): CodeIgniter\Exceptions\FrameworkException::forInvalidFile('js.php')
#1 C:\wamp64\www\tarefapw3\system\Common.php(1089): CodeIgniter\View\View->render('js', Array, true)
#2 C:\wamp64\www\tarefapw3\app\Controllers\Home.php(16): view('js')
#3 C:\wamp64\www\tarefapw3\system\CodeIgniter.php(832): App\Controllers\Home->page('js', 'index.js')
#4 C:\wamp64\www\tarefapw3\system\CodeIgniter.php(419): CodeIgniter\CodeIgniter->runController(Object(App\Controllers\Home))
#5 C:\wamp64\www\tarefapw3\system\CodeIgniter.php(326): CodeIgniter\CodeIgniter->handleRequest(NULL, Object(Config\Cache), false)
#6 C:\wamp64\www\tarefapw3\public\index.php(37): CodeIgniter\CodeIgniter->run()
#7 C:\wamp64\www\tarefapw3\system\Commands\Server\rewrite.php(43): require_once('C:\\wamp64\\www\\t...')
#8 {main}
CRITICAL - 2022-04-28 08:24:54 --> Invalid file: css.php
#0 C:\wamp64\www\tarefapw3\system\View\View.php(198): CodeIgniter\Exceptions\FrameworkException::forInvalidFile('css.php')
#1 C:\wamp64\www\tarefapw3\system\Common.php(1089): CodeIgniter\View\View->render('css', Array, true)
#2 C:\wamp64\www\tarefapw3\app\Controllers\Home.php(16): view('css')
#3 C:\wamp64\www\tarefapw3\system\CodeIgniter.php(832): App\Controllers\Home->page('css', 'index.css')
#4 C:\wamp64\www\tarefapw3\system\CodeIgniter.php(419): CodeIgniter\CodeIgniter->runController(Object(App\Controllers\Home))
#5 C:\wamp64\www\tarefapw3\system\CodeIgniter.php(326): CodeIgniter\CodeIgniter->handleRequest(NULL, Object(Config\Cache), false)
#6 C:\wamp64\www\tarefapw3\public\index.php(37): CodeIgniter\CodeIgniter->run()
#7 C:\wamp64\www\tarefapw3\system\Commands\Server\rewrite.php(43): require_once('C:\\wamp64\\www\\t...')
#8 {main}
CRITICAL - 2022-04-28 08:24:54 --> Invalid file: js.php
#0 C:\wamp64\www\tarefapw3\system\View\View.php(198): CodeIgniter\Exceptions\FrameworkException::forInvalidFile('js.php')
#1 C:\wamp64\www\tarefapw3\system\Common.php(1089): CodeIgniter\View\View->render('js', Array, true)
#2 C:\wamp64\www\tarefapw3\app\Controllers\Home.php(16): view('js')
#3 C:\wamp64\www\tarefapw3\system\CodeIgniter.php(832): App\Controllers\Home->page('js', 'index.js')
#4 C:\wamp64\www\tarefapw3\system\CodeIgniter.php(419): CodeIgniter\CodeIgniter->runController(Object(App\Controllers\Home))
#5 C:\wamp64\www\tarefapw3\system\CodeIgniter.php(326): CodeIgniter\CodeIgniter->handleRequest(NULL, Object(Config\Cache), false)
#6 C:\wamp64\www\tarefapw3\public\index.php(37): CodeIgniter\CodeIgniter->run()
#7 C:\wamp64\www\tarefapw3\system\Commands\Server\rewrite.php(43): require_once('C:\\wamp64\\www\\t...')
#8 {main}
CRITICAL - 2022-04-28 08:24:54 --> Invalid file: css.php
#0 C:\wamp64\www\tarefapw3\system\View\View.php(198): CodeIgniter\Exceptions\FrameworkException::forInvalidFile('css.php')
#1 C:\wamp64\www\tarefapw3\system\Common.php(1089): CodeIgniter\View\View->render('css', Array, true)
#2 C:\wamp64\www\tarefapw3\app\Controllers\Home.php(16): view('css')
#3 C:\wamp64\www\tarefapw3\system\CodeIgniter.php(832): App\Controllers\Home->page('css', 'index.css')
#4 C:\wamp64\www\tarefapw3\system\CodeIgniter.php(419): CodeIgniter\CodeIgniter->runController(Object(App\Controllers\Home))
#5 C:\wamp64\www\tarefapw3\system\CodeIgniter.php(326): CodeIgniter\CodeIgniter->handleRequest(NULL, Object(Config\Cache), false)
#6 C:\wamp64\www\tarefapw3\public\index.php(37): CodeIgniter\CodeIgniter->run()
#7 C:\wamp64\www\tarefapw3\system\Commands\Server\rewrite.php(43): require_once('C:\\wamp64\\www\\t...')
#8 {main}
CRITICAL - 2022-04-28 08:24:54 --> Invalid file: js.php
#0 C:\wamp64\www\tarefapw3\system\View\View.php(198): CodeIgniter\Exceptions\FrameworkException::forInvalidFile('js.php')
#1 C:\wamp64\www\tarefapw3\system\Common.php(1089): CodeIgniter\View\View->render('js', Array, true)
#2 C:\wamp64\www\tarefapw3\app\Controllers\Home.php(16): view('js')
#3 C:\wamp64\www\tarefapw3\system\CodeIgniter.php(832): App\Controllers\Home->page('js', 'index.js')
#4 C:\wamp64\www\tarefapw3\system\CodeIgniter.php(419): CodeIgniter\CodeIgniter->runController(Object(App\Controllers\Home))
#5 C:\wamp64\www\tarefapw3\system\CodeIgniter.php(326): CodeIgniter\CodeIgniter->handleRequest(NULL, Object(Config\Cache), false)
#6 C:\wamp64\www\tarefapw3\public\index.php(37): CodeIgniter\CodeIgniter->run()
#7 C:\wamp64\www\tarefapw3\system\Commands\Server\rewrite.php(43): require_once('C:\\wamp64\\www\\t...')
#8 {main}
CRITICAL - 2022-04-28 08:37:37 --> Invalid file: css.php
#0 C:\wamp64\www\tarefapw3\system\View\View.php(198): CodeIgniter\Exceptions\FrameworkException::forInvalidFile('css.php')
#1 C:\wamp64\www\tarefapw3\system\Common.php(1089): CodeIgniter\View\View->render('css', Array, true)
#2 C:\wamp64\www\tarefapw3\app\Controllers\Home.php(16): view('css')
#3 C:\wamp64\www\tarefapw3\system\CodeIgniter.php(832): App\Controllers\Home->page('css', 'index.css')
#4 C:\wamp64\www\tarefapw3\system\CodeIgniter.php(419): CodeIgniter\CodeIgniter->runController(Object(App\Controllers\Home))
#5 C:\wamp64\www\tarefapw3\system\CodeIgniter.php(326): CodeIgniter\CodeIgniter->handleRequest(NULL, Object(Config\Cache), false)
#6 C:\wamp64\www\tarefapw3\public\index.php(37): CodeIgniter\CodeIgniter->run()
#7 C:\wamp64\www\tarefapw3\system\Commands\Server\rewrite.php(43): require_once('C:\\wamp64\\www\\t...')
#8 {main}
CRITICAL - 2022-04-28 08:37:37 --> Invalid file: js.php
#0 C:\wamp64\www\tarefapw3\system\View\View.php(198): CodeIgniter\Exceptions\FrameworkException::forInvalidFile('js.php')
#1 C:\wamp64\www\tarefapw3\system\Common.php(1089): CodeIgniter\View\View->render('js', Array, true)
#2 C:\wamp64\www\tarefapw3\app\Controllers\Home.php(16): view('js')
#3 C:\wamp64\www\tarefapw3\system\CodeIgniter.php(832): App\Controllers\Home->page('js', 'index.js')
#4 C:\wamp64\www\tarefapw3\system\CodeIgniter.php(419): CodeIgniter\CodeIgniter->runController(Object(App\Controllers\Home))
#5 C:\wamp64\www\tarefapw3\system\CodeIgniter.php(326): CodeIgniter\CodeIgniter->handleRequest(NULL, Object(Config\Cache), false)
#6 C:\wamp64\www\tarefapw3\public\index.php(37): CodeIgniter\CodeIgniter->run()
#7 C:\wamp64\www\tarefapw3\system\Commands\Server\rewrite.php(43): require_once('C:\\wamp64\\www\\t...')
#8 {main}
CRITICAL - 2022-04-28 08:37:44 --> Invalid file: css.php
#0 C:\wamp64\www\tarefapw3\system\View\View.php(198): CodeIgniter\Exceptions\FrameworkException::forInvalidFile('css.php')
#1 C:\wamp64\www\tarefapw3\system\Common.php(1089): CodeIgniter\View\View->render('css', Array, true)
#2 C:\wamp64\www\tarefapw3\app\Controllers\Home.php(16): view('css')
#3 C:\wamp64\www\tarefapw3\system\CodeIgniter.php(832): App\Controllers\Home->page('css', 'index.css')
#4 C:\wamp64\www\tarefapw3\system\CodeIgniter.php(419): CodeIgniter\CodeIgniter->runController(Object(App\Controllers\Home))
#5 C:\wamp64\www\tarefapw3\system\CodeIgniter.php(326): CodeIgniter\CodeIgniter->handleRequest(NULL, Object(Config\Cache), false)
#6 C:\wamp64\www\tarefapw3\public\index.php(37): CodeIgniter\CodeIgniter->run()
#7 C:\wamp64\www\tarefapw3\system\Commands\Server\rewrite.php(43): require_once('C:\\wamp64\\www\\t...')
#8 {main}
CRITICAL - 2022-04-28 08:37:44 --> Invalid file: js.php
#0 C:\wamp64\www\tarefapw3\system\View\View.php(198): CodeIgniter\Exceptions\FrameworkException::forInvalidFile('js.php')
#1 C:\wamp64\www\tarefapw3\system\Common.php(1089): CodeIgniter\View\View->render('js', Array, true)
#2 C:\wamp64\www\tarefapw3\app\Controllers\Home.php(16): view('js')
#3 C:\wamp64\www\tarefapw3\system\CodeIgniter.php(832): App\Controllers\Home->page('js', 'index.js')
#4 C:\wamp64\www\tarefapw3\system\CodeIgniter.php(419): CodeIgniter\CodeIgniter->runController(Object(App\Controllers\Home))
#5 C:\wamp64\www\tarefapw3\system\CodeIgniter.php(326): CodeIgniter\CodeIgniter->handleRequest(NULL, Object(Config\Cache), false)
#6 C:\wamp64\www\tarefapw3\public\index.php(37): CodeIgniter\CodeIgniter->run()
#7 C:\wamp64\www\tarefapw3\system\Commands\Server\rewrite.php(43): require_once('C:\\wamp64\\www\\t...')
#8 {main}
CRITICAL - 2022-04-28 08:39:00 --> Invalid file: css.php
#0 C:\wamp64\www\tarefapw3\system\View\View.php(198): CodeIgniter\Exceptions\FrameworkException::forInvalidFile('css.php')
#1 C:\wamp64\www\tarefapw3\system\Common.php(1089): CodeIgniter\View\View->render('css', Array, true)
#2 C:\wamp64\www\tarefapw3\app\Controllers\Home.php(16): view('css')
#3 C:\wamp64\www\tarefapw3\system\CodeIgniter.php(832): App\Controllers\Home->page('css', 'index.css')
#4 C:\wamp64\www\tarefapw3\system\CodeIgniter.php(419): CodeIgniter\CodeIgniter->runController(Object(App\Controllers\Home))
#5 C:\wamp64\www\tarefapw3\system\CodeIgniter.php(326): CodeIgniter\CodeIgniter->handleRequest(NULL, Object(Config\Cache), false)
#6 C:\wamp64\www\tarefapw3\public\index.php(37): CodeIgniter\CodeIgniter->run()
#7 C:\wamp64\www\tarefapw3\system\Commands\Server\rewrite.php(43): require_once('C:\\wamp64\\www\\t...')
#8 {main}
CRITICAL - 2022-04-28 08:39:00 --> Invalid file: js.php
#0 C:\wamp64\www\tarefapw3\system\View\View.php(198): CodeIgniter\Exceptions\FrameworkException::forInvalidFile('js.php')
#1 C:\wamp64\www\tarefapw3\system\Common.php(1089): CodeIgniter\View\View->render('js', Array, true)
#2 C:\wamp64\www\tarefapw3\app\Controllers\Home.php(16): view('js')
#3 C:\wamp64\www\tarefapw3\system\CodeIgniter.php(832): App\Controllers\Home->page('js', 'index.js')
#4 C:\wamp64\www\tarefapw3\system\CodeIgniter.php(419): CodeIgniter\CodeIgniter->runController(Object(App\Controllers\Home))
#5 C:\wamp64\www\tarefapw3\system\CodeIgniter.php(326): CodeIgniter\CodeIgniter->handleRequest(NULL, Object(Config\Cache), false)
#6 C:\wamp64\www\tarefapw3\public\index.php(37): CodeIgniter\CodeIgniter->run()
#7 C:\wamp64\www\tarefapw3\system\Commands\Server\rewrite.php(43): require_once('C:\\wamp64\\www\\t...')
#8 {main}
CRITICAL - 2022-04-28 08:40:50 --> Invalid file: css.php
#0 C:\wamp64\www\tarefapw3\system\View\View.php(198): CodeIgniter\Exceptions\FrameworkException::forInvalidFile('css.php')
#1 C:\wamp64\www\tarefapw3\system\Common.php(1089): CodeIgniter\View\View->render('css', Array, true)
#2 C:\wamp64\www\tarefapw3\app\Controllers\Home.php(16): view('css')
#3 C:\wamp64\www\tarefapw3\system\CodeIgniter.php(832): App\Controllers\Home->page('css', 'index.css')
#4 C:\wamp64\www\tarefapw3\system\CodeIgniter.php(419): CodeIgniter\CodeIgniter->runController(Object(App\Controllers\Home))
#5 C:\wamp64\www\tarefapw3\system\CodeIgniter.php(326): CodeIgniter\CodeIgniter->handleRequest(NULL, Object(Config\Cache), false)
#6 C:\wamp64\www\tarefapw3\public\index.php(37): CodeIgniter\CodeIgniter->run()
#7 C:\wamp64\www\tarefapw3\system\Commands\Server\rewrite.php(43): require_once('C:\\wamp64\\www\\t...')
#8 {main}
CRITICAL - 2022-04-28 08:40:50 --> Invalid file: js.php
#0 C:\wamp64\www\tarefapw3\system\View\View.php(198): CodeIgniter\Exceptions\FrameworkException::forInvalidFile('js.php')
#1 C:\wamp64\www\tarefapw3\system\Common.php(1089): CodeIgniter\View\View->render('js', Array, true)
#2 C:\wamp64\www\tarefapw3\app\Controllers\Home.php(16): view('js')
#3 C:\wamp64\www\tarefapw3\system\CodeIgniter.php(832): App\Controllers\Home->page('js', 'index.js')
#4 C:\wamp64\www\tarefapw3\system\CodeIgniter.php(419): CodeIgniter\CodeIgniter->runController(Object(App\Controllers\Home))
#5 C:\wamp64\www\tarefapw3\system\CodeIgniter.php(326): CodeIgniter\CodeIgniter->handleRequest(NULL, Object(Config\Cache), false)
#6 C:\wamp64\www\tarefapw3\public\index.php(37): CodeIgniter\CodeIgniter->run()
#7 C:\wamp64\www\tarefapw3\system\Commands\Server\rewrite.php(43): require_once('C:\\wamp64\\www\\t...')
#8 {main}
