CRITICAL - 2022-06-15 11:53:52 --> Invalid file: logar.php
#0 C:\wamp64\www\tarefapw3\system\View\View.php(198): CodeIgniter\Exceptions\FrameworkException::forInvalidFile('logar.php')
#1 C:\wamp64\www\tarefapw3\system\Common.php(1089): CodeIgniter\View\View->render('logar', Array, true)
#2 C:\wamp64\www\tarefapw3\app\Controllers\Home.php(17): view('logar')
#3 C:\wamp64\www\tarefapw3\system\CodeIgniter.php(832): App\Controllers\Home->page('logar')
#4 C:\wamp64\www\tarefapw3\system\CodeIgniter.php(419): CodeIgniter\CodeIgniter->runController(Object(App\Controllers\Home))
#5 C:\wamp64\www\tarefapw3\system\CodeIgniter.php(326): CodeIgniter\CodeIgniter->handleRequest(NULL, Object(Config\Cache), false)
#6 C:\wamp64\www\tarefapw3\public\index.php(37): CodeIgniter\CodeIgniter->run()
#7 C:\wamp64\www\tarefapw3\system\Commands\Server\rewrite.php(43): require_once('C:\\wamp64\\www\\t...')
#8 {main}
CRITICAL - 2022-06-15 11:54:52 --> Invalid file: logar.php
#0 C:\wamp64\www\tarefapw3\system\View\View.php(198): CodeIgniter\Exceptions\FrameworkException::forInvalidFile('logar.php')
#1 C:\wamp64\www\tarefapw3\system\Common.php(1089): CodeIgniter\View\View->render('logar', Array, true)
#2 C:\wamp64\www\tarefapw3\app\Controllers\Home.php(17): view('logar')
#3 C:\wamp64\www\tarefapw3\system\CodeIgniter.php(832): App\Controllers\Home->page('logar')
#4 C:\wamp64\www\tarefapw3\system\CodeIgniter.php(419): CodeIgniter\CodeIgniter->runController(Object(App\Controllers\Home))
#5 C:\wamp64\www\tarefapw3\system\CodeIgniter.php(326): CodeIgniter\CodeIgniter->handleRequest(NULL, Object(Config\Cache), false)
#6 C:\wamp64\www\tarefapw3\public\index.php(37): CodeIgniter\CodeIgniter->run()
#7 C:\wamp64\www\tarefapw3\system\Commands\Server\rewrite.php(43): require_once('C:\\wamp64\\www\\t...')
#8 {main}
CRITICAL - 2022-06-15 11:54:53 --> Invalid file: logar.php
#0 C:\wamp64\www\tarefapw3\system\View\View.php(198): CodeIgniter\Exceptions\FrameworkException::forInvalidFile('logar.php')
#1 C:\wamp64\www\tarefapw3\system\Common.php(1089): CodeIgniter\View\View->render('logar', Array, true)
#2 C:\wamp64\www\tarefapw3\app\Controllers\Home.php(17): view('logar')
#3 C:\wamp64\www\tarefapw3\system\CodeIgniter.php(832): App\Controllers\Home->page('logar')
#4 C:\wamp64\www\tarefapw3\system\CodeIgniter.php(419): CodeIgniter\CodeIgniter->runController(Object(App\Controllers\Home))
#5 C:\wamp64\www\tarefapw3\system\CodeIgniter.php(326): CodeIgniter\CodeIgniter->handleRequest(NULL, Object(Config\Cache), false)
#6 C:\wamp64\www\tarefapw3\public\index.php(37): CodeIgniter\CodeIgniter->run()
#7 C:\wamp64\www\tarefapw3\system\Commands\Server\rewrite.php(43): require_once('C:\\wamp64\\www\\t...')
#8 {main}
CRITICAL - 2022-06-15 11:54:54 --> Invalid file: logar.php
#0 C:\wamp64\www\tarefapw3\system\View\View.php(198): CodeIgniter\Exceptions\FrameworkException::forInvalidFile('logar.php')
#1 C:\wamp64\www\tarefapw3\system\Common.php(1089): CodeIgniter\View\View->render('logar', Array, true)
#2 C:\wamp64\www\tarefapw3\app\Controllers\Home.php(17): view('logar')
#3 C:\wamp64\www\tarefapw3\system\CodeIgniter.php(832): App\Controllers\Home->page('logar')
#4 C:\wamp64\www\tarefapw3\system\CodeIgniter.php(419): CodeIgniter\CodeIgniter->runController(Object(App\Controllers\Home))
#5 C:\wamp64\www\tarefapw3\system\CodeIgniter.php(326): CodeIgniter\CodeIgniter->handleRequest(NULL, Object(Config\Cache), false)
#6 C:\wamp64\www\tarefapw3\public\index.php(37): CodeIgniter\CodeIgniter->run()
#7 C:\wamp64\www\tarefapw3\system\Commands\Server\rewrite.php(43): require_once('C:\\wamp64\\www\\t...')
#8 {main}
CRITICAL - 2022-06-15 11:54:54 --> Invalid file: logar.php
#0 C:\wamp64\www\tarefapw3\system\View\View.php(198): CodeIgniter\Exceptions\FrameworkException::forInvalidFile('logar.php')
#1 C:\wamp64\www\tarefapw3\system\Common.php(1089): CodeIgniter\View\View->render('logar', Array, true)
#2 C:\wamp64\www\tarefapw3\app\Controllers\Home.php(17): view('logar')
#3 C:\wamp64\www\tarefapw3\system\CodeIgniter.php(832): App\Controllers\Home->page('logar')
#4 C:\wamp64\www\tarefapw3\system\CodeIgniter.php(419): CodeIgniter\CodeIgniter->runController(Object(App\Controllers\Home))
#5 C:\wamp64\www\tarefapw3\system\CodeIgniter.php(326): CodeIgniter\CodeIgniter->handleRequest(NULL, Object(Config\Cache), false)
#6 C:\wamp64\www\tarefapw3\public\index.php(37): CodeIgniter\CodeIgniter->run()
#7 C:\wamp64\www\tarefapw3\system\Commands\Server\rewrite.php(43): require_once('C:\\wamp64\\www\\t...')
#8 {main}
CRITICAL - 2022-06-15 11:54:54 --> Invalid file: logar.php
#0 C:\wamp64\www\tarefapw3\system\View\View.php(198): CodeIgniter\Exceptions\FrameworkException::forInvalidFile('logar.php')
#1 C:\wamp64\www\tarefapw3\system\Common.php(1089): CodeIgniter\View\View->render('logar', Array, true)
#2 C:\wamp64\www\tarefapw3\app\Controllers\Home.php(17): view('logar')
#3 C:\wamp64\www\tarefapw3\system\CodeIgniter.php(832): App\Controllers\Home->page('logar')
#4 C:\wamp64\www\tarefapw3\system\CodeIgniter.php(419): CodeIgniter\CodeIgniter->runController(Object(App\Controllers\Home))
#5 C:\wamp64\www\tarefapw3\system\CodeIgniter.php(326): CodeIgniter\CodeIgniter->handleRequest(NULL, Object(Config\Cache), false)
#6 C:\wamp64\www\tarefapw3\public\index.php(37): CodeIgniter\CodeIgniter->run()
#7 C:\wamp64\www\tarefapw3\system\Commands\Server\rewrite.php(43): require_once('C:\\wamp64\\www\\t...')
#8 {main}
CRITICAL - 2022-06-15 11:54:54 --> Invalid file: logar.php
#0 C:\wamp64\www\tarefapw3\system\View\View.php(198): CodeIgniter\Exceptions\FrameworkException::forInvalidFile('logar.php')
#1 C:\wamp64\www\tarefapw3\system\Common.php(1089): CodeIgniter\View\View->render('logar', Array, true)
#2 C:\wamp64\www\tarefapw3\app\Controllers\Home.php(17): view('logar')
#3 C:\wamp64\www\tarefapw3\system\CodeIgniter.php(832): App\Controllers\Home->page('logar')
#4 C:\wamp64\www\tarefapw3\system\CodeIgniter.php(419): CodeIgniter\CodeIgniter->runController(Object(App\Controllers\Home))
#5 C:\wamp64\www\tarefapw3\system\CodeIgniter.php(326): CodeIgniter\CodeIgniter->handleRequest(NULL, Object(Config\Cache), false)
#6 C:\wamp64\www\tarefapw3\public\index.php(37): CodeIgniter\CodeIgniter->run()
#7 C:\wamp64\www\tarefapw3\system\Commands\Server\rewrite.php(43): require_once('C:\\wamp64\\www\\t...')
#8 {main}
CRITICAL - 2022-06-15 11:54:55 --> Invalid file: logar.php
#0 C:\wamp64\www\tarefapw3\system\View\View.php(198): CodeIgniter\Exceptions\FrameworkException::forInvalidFile('logar.php')
#1 C:\wamp64\www\tarefapw3\system\Common.php(1089): CodeIgniter\View\View->render('logar', Array, true)
#2 C:\wamp64\www\tarefapw3\app\Controllers\Home.php(17): view('logar')
#3 C:\wamp64\www\tarefapw3\system\CodeIgniter.php(832): App\Controllers\Home->page('logar')
#4 C:\wamp64\www\tarefapw3\system\CodeIgniter.php(419): CodeIgniter\CodeIgniter->runController(Object(App\Controllers\Home))
#5 C:\wamp64\www\tarefapw3\system\CodeIgniter.php(326): CodeIgniter\CodeIgniter->handleRequest(NULL, Object(Config\Cache), false)
#6 C:\wamp64\www\tarefapw3\public\index.php(37): CodeIgniter\CodeIgniter->run()
#7 C:\wamp64\www\tarefapw3\system\Commands\Server\rewrite.php(43): require_once('C:\\wamp64\\www\\t...')
#8 {main}
CRITICAL - 2022-06-15 11:54:55 --> Invalid file: logar.php
#0 C:\wamp64\www\tarefapw3\system\View\View.php(198): CodeIgniter\Exceptions\FrameworkException::forInvalidFile('logar.php')
#1 C:\wamp64\www\tarefapw3\system\Common.php(1089): CodeIgniter\View\View->render('logar', Array, true)
#2 C:\wamp64\www\tarefapw3\app\Controllers\Home.php(17): view('logar')
#3 C:\wamp64\www\tarefapw3\system\CodeIgniter.php(832): App\Controllers\Home->page('logar')
#4 C:\wamp64\www\tarefapw3\system\CodeIgniter.php(419): CodeIgniter\CodeIgniter->runController(Object(App\Controllers\Home))
#5 C:\wamp64\www\tarefapw3\system\CodeIgniter.php(326): CodeIgniter\CodeIgniter->handleRequest(NULL, Object(Config\Cache), false)
#6 C:\wamp64\www\tarefapw3\public\index.php(37): CodeIgniter\CodeIgniter->run()
#7 C:\wamp64\www\tarefapw3\system\Commands\Server\rewrite.php(43): require_once('C:\\wamp64\\www\\t...')
#8 {main}
CRITICAL - 2022-06-15 11:55:57 --> Class 'App\Controllers\PessoasModel' not found
#0 C:\wamp64\www\tarefapw3\system\CodeIgniter.php(832): App\Controllers\Home->logar()
#1 C:\wamp64\www\tarefapw3\system\CodeIgniter.php(419): CodeIgniter\CodeIgniter->runController(Object(App\Controllers\Home))
#2 C:\wamp64\www\tarefapw3\system\CodeIgniter.php(326): CodeIgniter\CodeIgniter->handleRequest(NULL, Object(Config\Cache), false)
#3 C:\wamp64\www\tarefapw3\public\index.php(37): CodeIgniter\CodeIgniter->run()
#4 C:\wamp64\www\tarefapw3\system\Commands\Server\rewrite.php(43): require_once('C:\\wamp64\\www\\t...')
#5 {main}
CRITICAL - 2022-06-15 11:57:53 --> Invalid argument supplied for foreach()
#0 C:\wamp64\www\tarefapw3\app\Views\pessoa.php(13): CodeIgniter\Debug\Exceptions->errorHandler(2, 'Invalid argumen...', 'C:\\wamp64\\www\\t...', 13, Array)
#1 C:\wamp64\www\tarefapw3\system\View\View.php(210): include('C:\\wamp64\\www\\t...')
#2 C:\wamp64\www\tarefapw3\system\View\View.php(213): CodeIgniter\View\View->CodeIgniter\View\{closure}()
#3 C:\wamp64\www\tarefapw3\system\Common.php(1089): CodeIgniter\View\View->render('pessoa', Array, true)
#4 C:\wamp64\www\tarefapw3\app\Controllers\Home.php(17): view('pessoa')
#5 C:\wamp64\www\tarefapw3\system\CodeIgniter.php(832): App\Controllers\Home->page('pessoa')
#6 C:\wamp64\www\tarefapw3\system\CodeIgniter.php(419): CodeIgniter\CodeIgniter->runController(Object(App\Controllers\Home))
#7 C:\wamp64\www\tarefapw3\system\CodeIgniter.php(326): CodeIgniter\CodeIgniter->handleRequest(NULL, Object(Config\Cache), false)
#8 C:\wamp64\www\tarefapw3\public\index.php(37): CodeIgniter\CodeIgniter->run()
#9 C:\wamp64\www\tarefapw3\system\Commands\Server\rewrite.php(43): require_once('C:\\wamp64\\www\\t...')
#10 {main}
CRITICAL - 2022-06-15 12:01:00 --> Invalid file: pessoa.php
#0 C:\wamp64\www\tarefapw3\system\View\View.php(198): CodeIgniter\Exceptions\FrameworkException::forInvalidFile('pessoa.php')
#1 C:\wamp64\www\tarefapw3\system\Common.php(1089): CodeIgniter\View\View->render('pessoa', Array, true)
#2 C:\wamp64\www\tarefapw3\app\Controllers\Home.php(17): view('pessoa')
#3 C:\wamp64\www\tarefapw3\system\CodeIgniter.php(832): App\Controllers\Home->page('pessoa')
#4 C:\wamp64\www\tarefapw3\system\CodeIgniter.php(419): CodeIgniter\CodeIgniter->runController(Object(App\Controllers\Home))
#5 C:\wamp64\www\tarefapw3\system\CodeIgniter.php(326): CodeIgniter\CodeIgniter->handleRequest(NULL, Object(Config\Cache), false)
#6 C:\wamp64\www\tarefapw3\public\index.php(37): CodeIgniter\CodeIgniter->run()
#7 C:\wamp64\www\tarefapw3\system\Commands\Server\rewrite.php(43): require_once('C:\\wamp64\\www\\t...')
#8 {main}
CRITICAL - 2022-06-15 12:02:34 --> Class 'App\Controllers\PessoasModel' not found
#0 C:\wamp64\www\tarefapw3\system\CodeIgniter.php(832): App\Controllers\Home->logar()
#1 C:\wamp64\www\tarefapw3\system\CodeIgniter.php(419): CodeIgniter\CodeIgniter->runController(Object(App\Controllers\Home))
#2 C:\wamp64\www\tarefapw3\system\CodeIgniter.php(326): CodeIgniter\CodeIgniter->handleRequest(NULL, Object(Config\Cache), false)
#3 C:\wamp64\www\tarefapw3\public\index.php(37): CodeIgniter\CodeIgniter->run()
#4 C:\wamp64\www\tarefapw3\system\Commands\Server\rewrite.php(43): require_once('C:\\wamp64\\www\\t...')
#5 {main}
CRITICAL - 2022-06-15 12:03:12 --> Class 'App\Controllers\PessoasModel' not found
#0 C:\wamp64\www\tarefapw3\system\CodeIgniter.php(832): App\Controllers\Home->logar()
#1 C:\wamp64\www\tarefapw3\system\CodeIgniter.php(419): CodeIgniter\CodeIgniter->runController(Object(App\Controllers\Home))
#2 C:\wamp64\www\tarefapw3\system\CodeIgniter.php(326): CodeIgniter\CodeIgniter->handleRequest(NULL, Object(Config\Cache), false)
#3 C:\wamp64\www\tarefapw3\public\index.php(37): CodeIgniter\CodeIgniter->run()
#4 C:\wamp64\www\tarefapw3\system\Commands\Server\rewrite.php(43): require_once('C:\\wamp64\\www\\t...')
#5 {main}
CRITICAL - 2022-06-15 12:03:37 --> Class 'App\Controllers\PessoasModel' not found
#0 C:\wamp64\www\tarefapw3\system\CodeIgniter.php(832): App\Controllers\Home->logar()
#1 C:\wamp64\www\tarefapw3\system\CodeIgniter.php(419): CodeIgniter\CodeIgniter->runController(Object(App\Controllers\Home))
#2 C:\wamp64\www\tarefapw3\system\CodeIgniter.php(326): CodeIgniter\CodeIgniter->handleRequest(NULL, Object(Config\Cache), false)
#3 C:\wamp64\www\tarefapw3\public\index.php(37): CodeIgniter\CodeIgniter->run()
#4 C:\wamp64\www\tarefapw3\system\Commands\Server\rewrite.php(43): require_once('C:\\wamp64\\www\\t...')
#5 {main}
CRITICAL - 2022-06-15 12:03:47 --> Class 'App\Controllers\PessoasModel' not found
#0 C:\wamp64\www\tarefapw3\system\CodeIgniter.php(832): App\Controllers\Home->logar()
#1 C:\wamp64\www\tarefapw3\system\CodeIgniter.php(419): CodeIgniter\CodeIgniter->runController(Object(App\Controllers\Home))
#2 C:\wamp64\www\tarefapw3\system\CodeIgniter.php(326): CodeIgniter\CodeIgniter->handleRequest(NULL, Object(Config\Cache), false)
#3 C:\wamp64\www\tarefapw3\public\index.php(37): CodeIgniter\CodeIgniter->run()
#4 C:\wamp64\www\tarefapw3\system\Commands\Server\rewrite.php(43): require_once('C:\\wamp64\\www\\t...')
#5 {main}
CRITICAL - 2022-06-15 12:07:53 --> Class 'App\Controllers\PessoasModel' not found
#0 C:\wamp64\www\tarefapw3\system\CodeIgniter.php(832): App\Controllers\Home->logar()
#1 C:\wamp64\www\tarefapw3\system\CodeIgniter.php(419): CodeIgniter\CodeIgniter->runController(Object(App\Controllers\Home))
#2 C:\wamp64\www\tarefapw3\system\CodeIgniter.php(326): CodeIgniter\CodeIgniter->handleRequest(NULL, Object(Config\Cache), false)
#3 C:\wamp64\www\tarefapw3\public\index.php(37): CodeIgniter\CodeIgniter->run()
#4 C:\wamp64\www\tarefapw3\system\Commands\Server\rewrite.php(43): require_once('C:\\wamp64\\www\\t...')
#5 {main}
CRITICAL - 2022-06-15 12:10:41 --> Class 'App\Controllers\PessoasModel' not found
#0 C:\wamp64\www\tarefapw3\system\CodeIgniter.php(832): App\Controllers\Home->logar()
#1 C:\wamp64\www\tarefapw3\system\CodeIgniter.php(419): CodeIgniter\CodeIgniter->runController(Object(App\Controllers\Home))
#2 C:\wamp64\www\tarefapw3\system\CodeIgniter.php(326): CodeIgniter\CodeIgniter->handleRequest(NULL, Object(Config\Cache), false)
#3 C:\wamp64\www\tarefapw3\public\index.php(37): CodeIgniter\CodeIgniter->run()
#4 C:\wamp64\www\tarefapw3\system\Commands\Server\rewrite.php(43): require_once('C:\\wamp64\\www\\t...')
#5 {main}
CRITICAL - 2022-06-15 12:12:55 --> Class 'App\Controllers\PessoasModel' not found
#0 C:\wamp64\www\tarefapw3\system\CodeIgniter.php(832): App\Controllers\Home->logar()
#1 C:\wamp64\www\tarefapw3\system\CodeIgniter.php(419): CodeIgniter\CodeIgniter->runController(Object(App\Controllers\Home))
#2 C:\wamp64\www\tarefapw3\system\CodeIgniter.php(326): CodeIgniter\CodeIgniter->handleRequest(NULL, Object(Config\Cache), false)
#3 C:\wamp64\www\tarefapw3\public\index.php(37): CodeIgniter\CodeIgniter->run()
#4 C:\wamp64\www\tarefapw3\system\Commands\Server\rewrite.php(43): require_once('C:\\wamp64\\www\\t...')
#5 {main}
CRITICAL - 2022-06-15 12:13:37 --> Class 'App\Controllers\PessoasModel' not found
#0 C:\wamp64\www\tarefapw3\system\CodeIgniter.php(832): App\Controllers\Home->logar()
#1 C:\wamp64\www\tarefapw3\system\CodeIgniter.php(419): CodeIgniter\CodeIgniter->runController(Object(App\Controllers\Home))
#2 C:\wamp64\www\tarefapw3\system\CodeIgniter.php(326): CodeIgniter\CodeIgniter->handleRequest(NULL, Object(Config\Cache), false)
#3 C:\wamp64\www\tarefapw3\public\index.php(37): CodeIgniter\CodeIgniter->run()
#4 C:\wamp64\www\tarefapw3\system\Commands\Server\rewrite.php(43): require_once('C:\\wamp64\\www\\t...')
#5 {main}
CRITICAL - 2022-06-15 12:13:46 --> Class 'App\Controllers\PessoasModel' not found
#0 C:\wamp64\www\tarefapw3\system\CodeIgniter.php(832): App\Controllers\Home->logar()
#1 C:\wamp64\www\tarefapw3\system\CodeIgniter.php(419): CodeIgniter\CodeIgniter->runController(Object(App\Controllers\Home))
#2 C:\wamp64\www\tarefapw3\system\CodeIgniter.php(326): CodeIgniter\CodeIgniter->handleRequest(NULL, Object(Config\Cache), false)
#3 C:\wamp64\www\tarefapw3\public\index.php(37): CodeIgniter\CodeIgniter->run()
#4 C:\wamp64\www\tarefapw3\system\Commands\Server\rewrite.php(43): require_once('C:\\wamp64\\www\\t...')
#5 {main}
CRITICAL - 2022-06-15 12:14:24 --> Class 'App\Controllers\PessoasModel' not found
#0 C:\wamp64\www\tarefapw3\system\CodeIgniter.php(832): App\Controllers\Home->logar()
#1 C:\wamp64\www\tarefapw3\system\CodeIgniter.php(419): CodeIgniter\CodeIgniter->runController(Object(App\Controllers\Home))
#2 C:\wamp64\www\tarefapw3\system\CodeIgniter.php(326): CodeIgniter\CodeIgniter->handleRequest(NULL, Object(Config\Cache), false)
#3 C:\wamp64\www\tarefapw3\public\index.php(37): CodeIgniter\CodeIgniter->run()
#4 C:\wamp64\www\tarefapw3\system\Commands\Server\rewrite.php(43): require_once('C:\\wamp64\\www\\t...')
#5 {main}
CRITICAL - 2022-06-15 12:15:26 --> Class 'App\Controllers\PessoasModel' not found
#0 C:\wamp64\www\tarefapw3\system\CodeIgniter.php(832): App\Controllers\Home->logar()
#1 C:\wamp64\www\tarefapw3\system\CodeIgniter.php(419): CodeIgniter\CodeIgniter->runController(Object(App\Controllers\Home))
#2 C:\wamp64\www\tarefapw3\system\CodeIgniter.php(326): CodeIgniter\CodeIgniter->handleRequest(NULL, Object(Config\Cache), false)
#3 C:\wamp64\www\tarefapw3\public\index.php(37): CodeIgniter\CodeIgniter->run()
#4 C:\wamp64\www\tarefapw3\system\Commands\Server\rewrite.php(43): require_once('C:\\wamp64\\www\\t...')
#5 {main}
CRITICAL - 2022-06-15 12:16:32 --> Class 'App\Controllers\PessoasModel' not found
#0 C:\wamp64\www\tarefapw3\system\CodeIgniter.php(832): App\Controllers\Home->logar()
#1 C:\wamp64\www\tarefapw3\system\CodeIgniter.php(419): CodeIgniter\CodeIgniter->runController(Object(App\Controllers\Home))
#2 C:\wamp64\www\tarefapw3\system\CodeIgniter.php(326): CodeIgniter\CodeIgniter->handleRequest(NULL, Object(Config\Cache), false)
#3 C:\wamp64\www\tarefapw3\public\index.php(37): CodeIgniter\CodeIgniter->run()
#4 C:\wamp64\www\tarefapw3\system\Commands\Server\rewrite.php(43): require_once('C:\\wamp64\\www\\t...')
#5 {main}
CRITICAL - 2022-06-15 12:21:19 --> Class 'App\Controllers\PessoasModel' not found
#0 C:\wamp64\www\tarefapw3\system\CodeIgniter.php(832): App\Controllers\Home->logar()
#1 C:\wamp64\www\tarefapw3\system\CodeIgniter.php(419): CodeIgniter\CodeIgniter->runController(Object(App\Controllers\Home))
#2 C:\wamp64\www\tarefapw3\system\CodeIgniter.php(326): CodeIgniter\CodeIgniter->handleRequest(NULL, Object(Config\Cache), false)
#3 C:\wamp64\www\tarefapw3\public\index.php(37): CodeIgniter\CodeIgniter->run()
#4 C:\wamp64\www\tarefapw3\system\Commands\Server\rewrite.php(43): require_once('C:\\wamp64\\www\\t...')
#5 {main}
CRITICAL - 2022-06-15 12:21:36 --> Class 'App\Controllers\PessoasModel' not found
#0 C:\wamp64\www\tarefapw3\system\CodeIgniter.php(832): App\Controllers\Home->logar()
#1 C:\wamp64\www\tarefapw3\system\CodeIgniter.php(419): CodeIgniter\CodeIgniter->runController(Object(App\Controllers\Home))
#2 C:\wamp64\www\tarefapw3\system\CodeIgniter.php(326): CodeIgniter\CodeIgniter->handleRequest(NULL, Object(Config\Cache), false)
#3 C:\wamp64\www\tarefapw3\public\index.php(37): CodeIgniter\CodeIgniter->run()
#4 C:\wamp64\www\tarefapw3\system\Commands\Server\rewrite.php(43): require_once('C:\\wamp64\\www\\t...')
#5 {main}
CRITICAL - 2022-06-15 12:21:44 --> Class 'App\Controllers\PessoasModel' not found
#0 C:\wamp64\www\tarefapw3\system\CodeIgniter.php(832): App\Controllers\Home->logar()
#1 C:\wamp64\www\tarefapw3\system\CodeIgniter.php(419): CodeIgniter\CodeIgniter->runController(Object(App\Controllers\Home))
#2 C:\wamp64\www\tarefapw3\system\CodeIgniter.php(326): CodeIgniter\CodeIgniter->handleRequest(NULL, Object(Config\Cache), false)
#3 C:\wamp64\www\tarefapw3\public\index.php(37): CodeIgniter\CodeIgniter->run()
#4 C:\wamp64\www\tarefapw3\system\Commands\Server\rewrite.php(43): require_once('C:\\wamp64\\www\\t...')
#5 {main}
CRITICAL - 2022-06-15 12:22:59 --> Class 'App\Controllers\PessoasModel' not found
#0 C:\wamp64\www\tarefapw3\system\CodeIgniter.php(832): App\Controllers\Home->logar()
#1 C:\wamp64\www\tarefapw3\system\CodeIgniter.php(419): CodeIgniter\CodeIgniter->runController(Object(App\Controllers\Home))
#2 C:\wamp64\www\tarefapw3\system\CodeIgniter.php(326): CodeIgniter\CodeIgniter->handleRequest(NULL, Object(Config\Cache), false)
#3 C:\wamp64\www\tarefapw3\public\index.php(37): CodeIgniter\CodeIgniter->run()
#4 C:\wamp64\www\tarefapw3\system\Commands\Server\rewrite.php(43): require_once('C:\\wamp64\\www\\t...')
#5 {main}
CRITICAL - 2022-06-15 12:23:11 --> Class 'App\Controllers\PessoasModel' not found
#0 C:\wamp64\www\tarefapw3\system\CodeIgniter.php(832): App\Controllers\Home->logar()
#1 C:\wamp64\www\tarefapw3\system\CodeIgniter.php(419): CodeIgniter\CodeIgniter->runController(Object(App\Controllers\Home))
#2 C:\wamp64\www\tarefapw3\system\CodeIgniter.php(326): CodeIgniter\CodeIgniter->handleRequest(NULL, Object(Config\Cache), false)
#3 C:\wamp64\www\tarefapw3\public\index.php(37): CodeIgniter\CodeIgniter->run()
#4 C:\wamp64\www\tarefapw3\system\Commands\Server\rewrite.php(43): require_once('C:\\wamp64\\www\\t...')
#5 {main}
CRITICAL - 2022-06-15 12:30:13 --> Class 'App\Controllers\PessoasModel' not found
#0 C:\wamp64\www\tarefapw3\system\CodeIgniter.php(832): App\Controllers\Home->logar()
#1 C:\wamp64\www\tarefapw3\system\CodeIgniter.php(419): CodeIgniter\CodeIgniter->runController(Object(App\Controllers\Home))
#2 C:\wamp64\www\tarefapw3\system\CodeIgniter.php(326): CodeIgniter\CodeIgniter->handleRequest(NULL, Object(Config\Cache), false)
#3 C:\wamp64\www\tarefapw3\public\index.php(37): CodeIgniter\CodeIgniter->run()
#4 C:\wamp64\www\tarefapw3\system\Commands\Server\rewrite.php(43): require_once('C:\\wamp64\\www\\t...')
#5 {main}
CRITICAL - 2022-06-15 12:32:02 -->  route cannot be found while reverse-routing.
#0 C:\wamp64\www\tarefapw3\system\HTTP\RedirectResponse.php(56): CodeIgniter\HTTP\Exceptions\HTTPException::forInvalidRedirectRoute('')
#1 C:\wamp64\www\tarefapw3\system\Common.php(832): CodeIgniter\HTTP\RedirectResponse->route(false)
#2 C:\wamp64\www\tarefapw3\app\Controllers\Home.php(116): redirect('principal')
#3 C:\wamp64\www\tarefapw3\system\CodeIgniter.php(832): App\Controllers\Home->logar()
#4 C:\wamp64\www\tarefapw3\system\CodeIgniter.php(419): CodeIgniter\CodeIgniter->runController(Object(App\Controllers\Home))
#5 C:\wamp64\www\tarefapw3\system\CodeIgniter.php(326): CodeIgniter\CodeIgniter->handleRequest(NULL, Object(Config\Cache), false)
#6 C:\wamp64\www\tarefapw3\public\index.php(37): CodeIgniter\CodeIgniter->run()
#7 C:\wamp64\www\tarefapw3\system\Commands\Server\rewrite.php(43): require_once('C:\\wamp64\\www\\t...')
#8 {main}
CRITICAL - 2022-06-15 12:34:23 --> Invalid file: sair.php
#0 C:\wamp64\www\tarefapw3\system\View\View.php(198): CodeIgniter\Exceptions\FrameworkException::forInvalidFile('sair.php')
#1 C:\wamp64\www\tarefapw3\system\Common.php(1089): CodeIgniter\View\View->render('sair', Array, true)
#2 C:\wamp64\www\tarefapw3\app\Controllers\Home.php(18): view('sair')
#3 C:\wamp64\www\tarefapw3\system\CodeIgniter.php(832): App\Controllers\Home->page('sair')
#4 C:\wamp64\www\tarefapw3\system\CodeIgniter.php(419): CodeIgniter\CodeIgniter->runController(Object(App\Controllers\Home))
#5 C:\wamp64\www\tarefapw3\system\CodeIgniter.php(326): CodeIgniter\CodeIgniter->handleRequest(NULL, Object(Config\Cache), false)
#6 C:\wamp64\www\tarefapw3\public\index.php(37): CodeIgniter\CodeIgniter->run()
#7 C:\wamp64\www\tarefapw3\system\Commands\Server\rewrite.php(43): require_once('C:\\wamp64\\www\\t...')
#8 {main}
CRITICAL - 2022-06-15 12:35:21 --> Invalid file: sair.php
#0 C:\wamp64\www\tarefapw3\system\View\View.php(198): CodeIgniter\Exceptions\FrameworkException::forInvalidFile('sair.php')
#1 C:\wamp64\www\tarefapw3\system\Common.php(1089): CodeIgniter\View\View->render('sair', Array, true)
#2 C:\wamp64\www\tarefapw3\app\Controllers\Home.php(18): view('sair')
#3 C:\wamp64\www\tarefapw3\system\CodeIgniter.php(832): App\Controllers\Home->page('sair')
#4 C:\wamp64\www\tarefapw3\system\CodeIgniter.php(419): CodeIgniter\CodeIgniter->runController(Object(App\Controllers\Home))
#5 C:\wamp64\www\tarefapw3\system\CodeIgniter.php(326): CodeIgniter\CodeIgniter->handleRequest(NULL, Object(Config\Cache), false)
#6 C:\wamp64\www\tarefapw3\public\index.php(37): CodeIgniter\CodeIgniter->run()
#7 C:\wamp64\www\tarefapw3\system\Commands\Server\rewrite.php(43): require_once('C:\\wamp64\\www\\t...')
#8 {main}
CRITICAL - 2022-06-15 12:37:13 --> Invalid file: sair.php
#0 C:\wamp64\www\tarefapw3\system\View\View.php(198): CodeIgniter\Exceptions\FrameworkException::forInvalidFile('sair.php')
#1 C:\wamp64\www\tarefapw3\system\Common.php(1089): CodeIgniter\View\View->render('sair', Array, true)
#2 C:\wamp64\www\tarefapw3\app\Controllers\Home.php(18): view('sair')
#3 C:\wamp64\www\tarefapw3\system\CodeIgniter.php(832): App\Controllers\Home->page('sair')
#4 C:\wamp64\www\tarefapw3\system\CodeIgniter.php(419): CodeIgniter\CodeIgniter->runController(Object(App\Controllers\Home))
#5 C:\wamp64\www\tarefapw3\system\CodeIgniter.php(326): CodeIgniter\CodeIgniter->handleRequest(NULL, Object(Config\Cache), false)
#6 C:\wamp64\www\tarefapw3\public\index.php(37): CodeIgniter\CodeIgniter->run()
#7 C:\wamp64\www\tarefapw3\system\Commands\Server\rewrite.php(43): require_once('C:\\wamp64\\www\\t...')
#8 {main}
CRITICAL - 2022-06-15 12:37:29 --> Invalid file: sair.php
#0 C:\wamp64\www\tarefapw3\system\View\View.php(198): CodeIgniter\Exceptions\FrameworkException::forInvalidFile('sair.php')
#1 C:\wamp64\www\tarefapw3\system\Common.php(1089): CodeIgniter\View\View->render('sair', Array, true)
#2 C:\wamp64\www\tarefapw3\app\Controllers\Home.php(18): view('sair')
#3 C:\wamp64\www\tarefapw3\system\CodeIgniter.php(832): App\Controllers\Home->page('sair')
#4 C:\wamp64\www\tarefapw3\system\CodeIgniter.php(419): CodeIgniter\CodeIgniter->runController(Object(App\Controllers\Home))
#5 C:\wamp64\www\tarefapw3\system\CodeIgniter.php(326): CodeIgniter\CodeIgniter->handleRequest(NULL, Object(Config\Cache), false)
#6 C:\wamp64\www\tarefapw3\public\index.php(37): CodeIgniter\CodeIgniter->run()
#7 C:\wamp64\www\tarefapw3\system\Commands\Server\rewrite.php(43): require_once('C:\\wamp64\\www\\t...')
#8 {main}
CRITICAL - 2022-06-15 12:37:47 --> Invalid file: sair.php
#0 C:\wamp64\www\tarefapw3\system\View\View.php(198): CodeIgniter\Exceptions\FrameworkException::forInvalidFile('sair.php')
#1 C:\wamp64\www\tarefapw3\system\Common.php(1089): CodeIgniter\View\View->render('sair', Array, true)
#2 C:\wamp64\www\tarefapw3\app\Controllers\Home.php(18): view('sair')
#3 C:\wamp64\www\tarefapw3\system\CodeIgniter.php(832): App\Controllers\Home->page('sair')
#4 C:\wamp64\www\tarefapw3\system\CodeIgniter.php(419): CodeIgniter\CodeIgniter->runController(Object(App\Controllers\Home))
#5 C:\wamp64\www\tarefapw3\system\CodeIgniter.php(326): CodeIgniter\CodeIgniter->handleRequest(NULL, Object(Config\Cache), false)
#6 C:\wamp64\www\tarefapw3\public\index.php(37): CodeIgniter\CodeIgniter->run()
#7 C:\wamp64\www\tarefapw3\system\Commands\Server\rewrite.php(43): require_once('C:\\wamp64\\www\\t...')
#8 {main}
