CRITICAL - 2022-06-06 10:07:20 --> Class 'App\Controllers\VeiculoModel' not found
#0 C:\wamp64\www\tarefapw3\system\CodeIgniter.php(832): App\Controllers\Home->veiculo()
#1 C:\wamp64\www\tarefapw3\system\CodeIgniter.php(419): CodeIgniter\CodeIgniter->runController(Object(App\Controllers\Home))
#2 C:\wamp64\www\tarefapw3\system\CodeIgniter.php(326): CodeIgniter\CodeIgniter->handleRequest(NULL, Object(Config\Cache), false)
#3 C:\wamp64\www\tarefapw3\public\index.php(37): CodeIgniter\CodeIgniter->run()
#4 C:\wamp64\www\tarefapw3\system\Commands\Server\rewrite.php(43): require_once('C:\\wamp64\\www\\t...')
#5 {main}
CRITICAL - 2022-06-06 10:07:25 --> Class 'App\Controllers\VeiculoModel' not found
#0 C:\wamp64\www\tarefapw3\system\CodeIgniter.php(832): App\Controllers\Home->veiculo()
#1 C:\wamp64\www\tarefapw3\system\CodeIgniter.php(419): CodeIgniter\CodeIgniter->runController(Object(App\Controllers\Home))
#2 C:\wamp64\www\tarefapw3\system\CodeIgniter.php(326): CodeIgniter\CodeIgniter->handleRequest(NULL, Object(Config\Cache), false)
#3 C:\wamp64\www\tarefapw3\public\index.php(37): CodeIgniter\CodeIgniter->run()
#4 C:\wamp64\www\tarefapw3\system\Commands\Server\rewrite.php(43): require_once('C:\\wamp64\\www\\t...')
#5 {main}
CRITICAL - 2022-06-06 10:08:14 --> Class 'App\Controllers\VeiculoModel' not found
#0 C:\wamp64\www\tarefapw3\system\CodeIgniter.php(832): App\Controllers\Home->veiculo()
#1 C:\wamp64\www\tarefapw3\system\CodeIgniter.php(419): CodeIgniter\CodeIgniter->runController(Object(App\Controllers\Home))
#2 C:\wamp64\www\tarefapw3\system\CodeIgniter.php(326): CodeIgniter\CodeIgniter->handleRequest(NULL, Object(Config\Cache), false)
#3 C:\wamp64\www\tarefapw3\public\index.php(37): CodeIgniter\CodeIgniter->run()
#4 C:\wamp64\www\tarefapw3\system\Commands\Server\rewrite.php(43): require_once('C:\\wamp64\\www\\t...')
#5 {main}
CRITICAL - 2022-06-06 10:08:15 --> Class 'App\Controllers\VeiculoModel' not found
#0 C:\wamp64\www\tarefapw3\system\CodeIgniter.php(832): App\Controllers\Home->veiculo()
#1 C:\wamp64\www\tarefapw3\system\CodeIgniter.php(419): CodeIgniter\CodeIgniter->runController(Object(App\Controllers\Home))
#2 C:\wamp64\www\tarefapw3\system\CodeIgniter.php(326): CodeIgniter\CodeIgniter->handleRequest(NULL, Object(Config\Cache), false)
#3 C:\wamp64\www\tarefapw3\public\index.php(37): CodeIgniter\CodeIgniter->run()
#4 C:\wamp64\www\tarefapw3\system\Commands\Server\rewrite.php(43): require_once('C:\\wamp64\\www\\t...')
#5 {main}
CRITICAL - 2022-06-06 10:10:03 --> Class 'App\Controllers\VeiculoModel' not found
#0 C:\wamp64\www\tarefapw3\system\CodeIgniter.php(832): App\Controllers\Home->veiculo()
#1 C:\wamp64\www\tarefapw3\system\CodeIgniter.php(419): CodeIgniter\CodeIgniter->runController(Object(App\Controllers\Home))
#2 C:\wamp64\www\tarefapw3\system\CodeIgniter.php(326): CodeIgniter\CodeIgniter->handleRequest(NULL, Object(Config\Cache), false)
#3 C:\wamp64\www\tarefapw3\public\index.php(37): CodeIgniter\CodeIgniter->run()
#4 C:\wamp64\www\tarefapw3\system\Commands\Server\rewrite.php(43): require_once('C:\\wamp64\\www\\t...')
#5 {main}
CRITICAL - 2022-06-06 10:10:04 --> Class 'App\Controllers\VeiculoModel' not found
#0 C:\wamp64\www\tarefapw3\system\CodeIgniter.php(832): App\Controllers\Home->veiculo()
#1 C:\wamp64\www\tarefapw3\system\CodeIgniter.php(419): CodeIgniter\CodeIgniter->runController(Object(App\Controllers\Home))
#2 C:\wamp64\www\tarefapw3\system\CodeIgniter.php(326): CodeIgniter\CodeIgniter->handleRequest(NULL, Object(Config\Cache), false)
#3 C:\wamp64\www\tarefapw3\public\index.php(37): CodeIgniter\CodeIgniter->run()
#4 C:\wamp64\www\tarefapw3\system\Commands\Server\rewrite.php(43): require_once('C:\\wamp64\\www\\t...')
#5 {main}
CRITICAL - 2022-06-06 10:10:04 --> Class 'App\Controllers\VeiculoModel' not found
#0 C:\wamp64\www\tarefapw3\system\CodeIgniter.php(832): App\Controllers\Home->veiculo()
#1 C:\wamp64\www\tarefapw3\system\CodeIgniter.php(419): CodeIgniter\CodeIgniter->runController(Object(App\Controllers\Home))
#2 C:\wamp64\www\tarefapw3\system\CodeIgniter.php(326): CodeIgniter\CodeIgniter->handleRequest(NULL, Object(Config\Cache), false)
#3 C:\wamp64\www\tarefapw3\public\index.php(37): CodeIgniter\CodeIgniter->run()
#4 C:\wamp64\www\tarefapw3\system\Commands\Server\rewrite.php(43): require_once('C:\\wamp64\\www\\t...')
#5 {main}
CRITICAL - 2022-06-06 10:10:04 --> Class 'App\Controllers\VeiculoModel' not found
#0 C:\wamp64\www\tarefapw3\system\CodeIgniter.php(832): App\Controllers\Home->veiculo()
#1 C:\wamp64\www\tarefapw3\system\CodeIgniter.php(419): CodeIgniter\CodeIgniter->runController(Object(App\Controllers\Home))
#2 C:\wamp64\www\tarefapw3\system\CodeIgniter.php(326): CodeIgniter\CodeIgniter->handleRequest(NULL, Object(Config\Cache), false)
#3 C:\wamp64\www\tarefapw3\public\index.php(37): CodeIgniter\CodeIgniter->run()
#4 C:\wamp64\www\tarefapw3\system\Commands\Server\rewrite.php(43): require_once('C:\\wamp64\\www\\t...')
#5 {main}
CRITICAL - 2022-06-06 10:10:04 --> Class 'App\Controllers\VeiculoModel' not found
#0 C:\wamp64\www\tarefapw3\system\CodeIgniter.php(832): App\Controllers\Home->veiculo()
#1 C:\wamp64\www\tarefapw3\system\CodeIgniter.php(419): CodeIgniter\CodeIgniter->runController(Object(App\Controllers\Home))
#2 C:\wamp64\www\tarefapw3\system\CodeIgniter.php(326): CodeIgniter\CodeIgniter->handleRequest(NULL, Object(Config\Cache), false)
#3 C:\wamp64\www\tarefapw3\public\index.php(37): CodeIgniter\CodeIgniter->run()
#4 C:\wamp64\www\tarefapw3\system\Commands\Server\rewrite.php(43): require_once('C:\\wamp64\\www\\t...')
#5 {main}
CRITICAL - 2022-06-06 10:10:05 --> Class 'App\Controllers\VeiculoModel' not found
#0 C:\wamp64\www\tarefapw3\system\CodeIgniter.php(832): App\Controllers\Home->veiculo()
#1 C:\wamp64\www\tarefapw3\system\CodeIgniter.php(419): CodeIgniter\CodeIgniter->runController(Object(App\Controllers\Home))
#2 C:\wamp64\www\tarefapw3\system\CodeIgniter.php(326): CodeIgniter\CodeIgniter->handleRequest(NULL, Object(Config\Cache), false)
#3 C:\wamp64\www\tarefapw3\public\index.php(37): CodeIgniter\CodeIgniter->run()
#4 C:\wamp64\www\tarefapw3\system\Commands\Server\rewrite.php(43): require_once('C:\\wamp64\\www\\t...')
#5 {main}
CRITICAL - 2022-06-06 10:10:05 --> Class 'App\Controllers\VeiculoModel' not found
#0 C:\wamp64\www\tarefapw3\system\CodeIgniter.php(832): App\Controllers\Home->veiculo()
#1 C:\wamp64\www\tarefapw3\system\CodeIgniter.php(419): CodeIgniter\CodeIgniter->runController(Object(App\Controllers\Home))
#2 C:\wamp64\www\tarefapw3\system\CodeIgniter.php(326): CodeIgniter\CodeIgniter->handleRequest(NULL, Object(Config\Cache), false)
#3 C:\wamp64\www\tarefapw3\public\index.php(37): CodeIgniter\CodeIgniter->run()
#4 C:\wamp64\www\tarefapw3\system\Commands\Server\rewrite.php(43): require_once('C:\\wamp64\\www\\t...')
#5 {main}
CRITICAL - 2022-06-06 10:10:05 --> Class 'App\Controllers\VeiculoModel' not found
#0 C:\wamp64\www\tarefapw3\system\CodeIgniter.php(832): App\Controllers\Home->veiculo()
#1 C:\wamp64\www\tarefapw3\system\CodeIgniter.php(419): CodeIgniter\CodeIgniter->runController(Object(App\Controllers\Home))
#2 C:\wamp64\www\tarefapw3\system\CodeIgniter.php(326): CodeIgniter\CodeIgniter->handleRequest(NULL, Object(Config\Cache), false)
#3 C:\wamp64\www\tarefapw3\public\index.php(37): CodeIgniter\CodeIgniter->run()
#4 C:\wamp64\www\tarefapw3\system\Commands\Server\rewrite.php(43): require_once('C:\\wamp64\\www\\t...')
#5 {main}
CRITICAL - 2022-06-06 10:10:19 --> Class 'App\Controllers\VeiculoModel' not found
#0 C:\wamp64\www\tarefapw3\system\CodeIgniter.php(832): App\Controllers\Home->veiculo()
#1 C:\wamp64\www\tarefapw3\system\CodeIgniter.php(419): CodeIgniter\CodeIgniter->runController(Object(App\Controllers\Home))
#2 C:\wamp64\www\tarefapw3\system\CodeIgniter.php(326): CodeIgniter\CodeIgniter->handleRequest(NULL, Object(Config\Cache), false)
#3 C:\wamp64\www\tarefapw3\public\index.php(37): CodeIgniter\CodeIgniter->run()
#4 C:\wamp64\www\tarefapw3\system\Commands\Server\rewrite.php(43): require_once('C:\\wamp64\\www\\t...')
#5 {main}
CRITICAL - 2022-06-06 10:10:32 --> Class 'App\Controllers\VeiculoModel' not found
#0 C:\wamp64\www\tarefapw3\system\CodeIgniter.php(832): App\Controllers\Home->veiculo()
#1 C:\wamp64\www\tarefapw3\system\CodeIgniter.php(419): CodeIgniter\CodeIgniter->runController(Object(App\Controllers\Home))
#2 C:\wamp64\www\tarefapw3\system\CodeIgniter.php(326): CodeIgniter\CodeIgniter->handleRequest(NULL, Object(Config\Cache), false)
#3 C:\wamp64\www\tarefapw3\public\index.php(37): CodeIgniter\CodeIgniter->run()
#4 C:\wamp64\www\tarefapw3\system\Commands\Server\rewrite.php(43): require_once('C:\\wamp64\\www\\t...')
#5 {main}
CRITICAL - 2022-06-06 10:10:36 --> Invalid file: veiculos.php
#0 C:\wamp64\www\tarefapw3\system\View\View.php(198): CodeIgniter\Exceptions\FrameworkException::forInvalidFile('veiculos.php')
#1 C:\wamp64\www\tarefapw3\system\Common.php(1089): CodeIgniter\View\View->render('veiculos', Array, true)
#2 C:\wamp64\www\tarefapw3\app\Controllers\Home.php(16): view('veiculos')
#3 C:\wamp64\www\tarefapw3\system\CodeIgniter.php(832): App\Controllers\Home->page('veiculos')
#4 C:\wamp64\www\tarefapw3\system\CodeIgniter.php(419): CodeIgniter\CodeIgniter->runController(Object(App\Controllers\Home))
#5 C:\wamp64\www\tarefapw3\system\CodeIgniter.php(326): CodeIgniter\CodeIgniter->handleRequest(NULL, Object(Config\Cache), false)
#6 C:\wamp64\www\tarefapw3\public\index.php(37): CodeIgniter\CodeIgniter->run()
#7 C:\wamp64\www\tarefapw3\system\Commands\Server\rewrite.php(43): require_once('C:\\wamp64\\www\\t...')
#8 {main}
CRITICAL - 2022-06-06 10:11:33 --> Class 'App\Controllers\VeiculoModel' not found
#0 C:\wamp64\www\tarefapw3\system\CodeIgniter.php(832): App\Controllers\Home->veiculo()
#1 C:\wamp64\www\tarefapw3\system\CodeIgniter.php(419): CodeIgniter\CodeIgniter->runController(Object(App\Controllers\Home))
#2 C:\wamp64\www\tarefapw3\system\CodeIgniter.php(326): CodeIgniter\CodeIgniter->handleRequest(NULL, Object(Config\Cache), false)
#3 C:\wamp64\www\tarefapw3\public\index.php(37): CodeIgniter\CodeIgniter->run()
#4 C:\wamp64\www\tarefapw3\system\Commands\Server\rewrite.php(43): require_once('C:\\wamp64\\www\\t...')
#5 {main}
CRITICAL - 2022-06-06 10:12:23 --> Class 'App\Controllers\VeiculoModel' not found
#0 C:\wamp64\www\tarefapw3\system\CodeIgniter.php(832): App\Controllers\Home->veiculo()
#1 C:\wamp64\www\tarefapw3\system\CodeIgniter.php(419): CodeIgniter\CodeIgniter->runController(Object(App\Controllers\Home))
#2 C:\wamp64\www\tarefapw3\system\CodeIgniter.php(326): CodeIgniter\CodeIgniter->handleRequest(NULL, Object(Config\Cache), false)
#3 C:\wamp64\www\tarefapw3\public\index.php(37): CodeIgniter\CodeIgniter->run()
#4 C:\wamp64\www\tarefapw3\system\Commands\Server\rewrite.php(43): require_once('C:\\wamp64\\www\\t...')
#5 {main}
CRITICAL - 2022-06-06 10:12:23 --> Class 'App\Controllers\VeiculoModel' not found
#0 C:\wamp64\www\tarefapw3\system\CodeIgniter.php(832): App\Controllers\Home->veiculo()
#1 C:\wamp64\www\tarefapw3\system\CodeIgniter.php(419): CodeIgniter\CodeIgniter->runController(Object(App\Controllers\Home))
#2 C:\wamp64\www\tarefapw3\system\CodeIgniter.php(326): CodeIgniter\CodeIgniter->handleRequest(NULL, Object(Config\Cache), false)
#3 C:\wamp64\www\tarefapw3\public\index.php(37): CodeIgniter\CodeIgniter->run()
#4 C:\wamp64\www\tarefapw3\system\Commands\Server\rewrite.php(43): require_once('C:\\wamp64\\www\\t...')
#5 {main}
CRITICAL - 2022-06-06 10:12:24 --> Class 'App\Controllers\VeiculoModel' not found
#0 C:\wamp64\www\tarefapw3\system\CodeIgniter.php(832): App\Controllers\Home->veiculo()
#1 C:\wamp64\www\tarefapw3\system\CodeIgniter.php(419): CodeIgniter\CodeIgniter->runController(Object(App\Controllers\Home))
#2 C:\wamp64\www\tarefapw3\system\CodeIgniter.php(326): CodeIgniter\CodeIgniter->handleRequest(NULL, Object(Config\Cache), false)
#3 C:\wamp64\www\tarefapw3\public\index.php(37): CodeIgniter\CodeIgniter->run()
#4 C:\wamp64\www\tarefapw3\system\Commands\Server\rewrite.php(43): require_once('C:\\wamp64\\www\\t...')
#5 {main}
CRITICAL - 2022-06-06 10:12:24 --> Class 'App\Controllers\VeiculoModel' not found
#0 C:\wamp64\www\tarefapw3\system\CodeIgniter.php(832): App\Controllers\Home->veiculo()
#1 C:\wamp64\www\tarefapw3\system\CodeIgniter.php(419): CodeIgniter\CodeIgniter->runController(Object(App\Controllers\Home))
#2 C:\wamp64\www\tarefapw3\system\CodeIgniter.php(326): CodeIgniter\CodeIgniter->handleRequest(NULL, Object(Config\Cache), false)
#3 C:\wamp64\www\tarefapw3\public\index.php(37): CodeIgniter\CodeIgniter->run()
#4 C:\wamp64\www\tarefapw3\system\Commands\Server\rewrite.php(43): require_once('C:\\wamp64\\www\\t...')
#5 {main}
CRITICAL - 2022-06-06 10:12:30 --> Invalid file: css.php
#0 C:\wamp64\www\tarefapw3\system\View\View.php(198): CodeIgniter\Exceptions\FrameworkException::forInvalidFile('css.php')
#1 C:\wamp64\www\tarefapw3\system\Common.php(1089): CodeIgniter\View\View->render('css', Array, true)
#2 C:\wamp64\www\tarefapw3\app\Controllers\Home.php(16): view('css')
#3 C:\wamp64\www\tarefapw3\system\CodeIgniter.php(832): App\Controllers\Home->page('css', 'index.css')
#4 C:\wamp64\www\tarefapw3\system\CodeIgniter.php(419): CodeIgniter\CodeIgniter->runController(Object(App\Controllers\Home))
#5 C:\wamp64\www\tarefapw3\system\CodeIgniter.php(326): CodeIgniter\CodeIgniter->handleRequest(NULL, Object(Config\Cache), false)
#6 C:\wamp64\www\tarefapw3\public\index.php(37): CodeIgniter\CodeIgniter->run()
#7 C:\wamp64\www\tarefapw3\system\Commands\Server\rewrite.php(43): require_once('C:\\wamp64\\www\\t...')
#8 {main}
CRITICAL - 2022-06-06 10:12:30 --> Invalid file: js.php
#0 C:\wamp64\www\tarefapw3\system\View\View.php(198): CodeIgniter\Exceptions\FrameworkException::forInvalidFile('js.php')
#1 C:\wamp64\www\tarefapw3\system\Common.php(1089): CodeIgniter\View\View->render('js', Array, true)
#2 C:\wamp64\www\tarefapw3\app\Controllers\Home.php(16): view('js')
#3 C:\wamp64\www\tarefapw3\system\CodeIgniter.php(832): App\Controllers\Home->page('js', 'index.js')
#4 C:\wamp64\www\tarefapw3\system\CodeIgniter.php(419): CodeIgniter\CodeIgniter->runController(Object(App\Controllers\Home))
#5 C:\wamp64\www\tarefapw3\system\CodeIgniter.php(326): CodeIgniter\CodeIgniter->handleRequest(NULL, Object(Config\Cache), false)
#6 C:\wamp64\www\tarefapw3\public\index.php(37): CodeIgniter\CodeIgniter->run()
#7 C:\wamp64\www\tarefapw3\system\Commands\Server\rewrite.php(43): require_once('C:\\wamp64\\www\\t...')
#8 {main}
CRITICAL - 2022-06-06 10:12:35 --> Invalid file: veicul.php
#0 C:\wamp64\www\tarefapw3\system\View\View.php(198): CodeIgniter\Exceptions\FrameworkException::forInvalidFile('veicul.php')
#1 C:\wamp64\www\tarefapw3\system\Common.php(1089): CodeIgniter\View\View->render('veicul', Array, true)
#2 C:\wamp64\www\tarefapw3\app\Controllers\Home.php(16): view('veicul')
#3 C:\wamp64\www\tarefapw3\system\CodeIgniter.php(832): App\Controllers\Home->page('veicul')
#4 C:\wamp64\www\tarefapw3\system\CodeIgniter.php(419): CodeIgniter\CodeIgniter->runController(Object(App\Controllers\Home))
#5 C:\wamp64\www\tarefapw3\system\CodeIgniter.php(326): CodeIgniter\CodeIgniter->handleRequest(NULL, Object(Config\Cache), false)
#6 C:\wamp64\www\tarefapw3\public\index.php(37): CodeIgniter\CodeIgniter->run()
#7 C:\wamp64\www\tarefapw3\system\Commands\Server\rewrite.php(43): require_once('C:\\wamp64\\www\\t...')
#8 {main}
CRITICAL - 2022-06-06 10:12:40 --> Class 'App\Controllers\VeiculoModel' not found
#0 C:\wamp64\www\tarefapw3\system\CodeIgniter.php(832): App\Controllers\Home->veiculo()
#1 C:\wamp64\www\tarefapw3\system\CodeIgniter.php(419): CodeIgniter\CodeIgniter->runController(Object(App\Controllers\Home))
#2 C:\wamp64\www\tarefapw3\system\CodeIgniter.php(326): CodeIgniter\CodeIgniter->handleRequest(NULL, Object(Config\Cache), false)
#3 C:\wamp64\www\tarefapw3\public\index.php(37): CodeIgniter\CodeIgniter->run()
#4 C:\wamp64\www\tarefapw3\system\Commands\Server\rewrite.php(43): require_once('C:\\wamp64\\www\\t...')
#5 {main}
CRITICAL - 2022-06-06 10:16:31 --> Class 'App\Controllers\VeiculoModel' not found
#0 C:\wamp64\www\tarefapw3\system\CodeIgniter.php(832): App\Controllers\Home->veiculo()
#1 C:\wamp64\www\tarefapw3\system\CodeIgniter.php(419): CodeIgniter\CodeIgniter->runController(Object(App\Controllers\Home))
#2 C:\wamp64\www\tarefapw3\system\CodeIgniter.php(326): CodeIgniter\CodeIgniter->handleRequest(NULL, Object(Config\Cache), false)
#3 C:\wamp64\www\tarefapw3\public\index.php(37): CodeIgniter\CodeIgniter->run()
#4 C:\wamp64\www\tarefapw3\system\Commands\Server\rewrite.php(43): require_once('C:\\wamp64\\www\\t...')
#5 {main}
CRITICAL - 2022-06-06 10:17:16 --> Class 'App\Controllers\VeiculoModel' not found
#0 C:\wamp64\www\tarefapw3\system\CodeIgniter.php(832): App\Controllers\Home->veiculo()
#1 C:\wamp64\www\tarefapw3\system\CodeIgniter.php(419): CodeIgniter\CodeIgniter->runController(Object(App\Controllers\Home))
#2 C:\wamp64\www\tarefapw3\system\CodeIgniter.php(326): CodeIgniter\CodeIgniter->handleRequest(NULL, Object(Config\Cache), false)
#3 C:\wamp64\www\tarefapw3\public\index.php(37): CodeIgniter\CodeIgniter->run()
#4 C:\wamp64\www\tarefapw3\system\Commands\Server\rewrite.php(43): require_once('C:\\wamp64\\www\\t...')
#5 {main}
CRITICAL - 2022-06-06 10:17:21 --> Class 'App\Controllers\VeiculoModel' not found
#0 C:\wamp64\www\tarefapw3\system\CodeIgniter.php(832): App\Controllers\Home->veiculo()
#1 C:\wamp64\www\tarefapw3\system\CodeIgniter.php(419): CodeIgniter\CodeIgniter->runController(Object(App\Controllers\Home))
#2 C:\wamp64\www\tarefapw3\system\CodeIgniter.php(326): CodeIgniter\CodeIgniter->handleRequest(NULL, Object(Config\Cache), false)
#3 C:\wamp64\www\tarefapw3\public\index.php(37): CodeIgniter\CodeIgniter->run()
#4 C:\wamp64\www\tarefapw3\system\Commands\Server\rewrite.php(43): require_once('C:\\wamp64\\www\\t...')
#5 {main}
CRITICAL - 2022-06-06 10:17:45 --> Invalid file: css.php
#0 C:\wamp64\www\tarefapw3\system\View\View.php(198): CodeIgniter\Exceptions\FrameworkException::forInvalidFile('css.php')
#1 C:\wamp64\www\tarefapw3\system\Common.php(1089): CodeIgniter\View\View->render('css', Array, true)
#2 C:\wamp64\www\tarefapw3\app\Controllers\Home.php(16): view('css')
#3 C:\wamp64\www\tarefapw3\system\CodeIgniter.php(832): App\Controllers\Home->page('css', 'index.css')
#4 C:\wamp64\www\tarefapw3\system\CodeIgniter.php(419): CodeIgniter\CodeIgniter->runController(Object(App\Controllers\Home))
#5 C:\wamp64\www\tarefapw3\system\CodeIgniter.php(326): CodeIgniter\CodeIgniter->handleRequest(NULL, Object(Config\Cache), false)
#6 C:\wamp64\www\tarefapw3\public\index.php(37): CodeIgniter\CodeIgniter->run()
#7 C:\wamp64\www\tarefapw3\system\Commands\Server\rewrite.php(43): require_once('C:\\wamp64\\www\\t...')
#8 {main}
CRITICAL - 2022-06-06 10:17:46 --> Invalid file: js.php
#0 C:\wamp64\www\tarefapw3\system\View\View.php(198): CodeIgniter\Exceptions\FrameworkException::forInvalidFile('js.php')
#1 C:\wamp64\www\tarefapw3\system\Common.php(1089): CodeIgniter\View\View->render('js', Array, true)
#2 C:\wamp64\www\tarefapw3\app\Controllers\Home.php(16): view('js')
#3 C:\wamp64\www\tarefapw3\system\CodeIgniter.php(832): App\Controllers\Home->page('js', 'index.js')
#4 C:\wamp64\www\tarefapw3\system\CodeIgniter.php(419): CodeIgniter\CodeIgniter->runController(Object(App\Controllers\Home))
#5 C:\wamp64\www\tarefapw3\system\CodeIgniter.php(326): CodeIgniter\CodeIgniter->handleRequest(NULL, Object(Config\Cache), false)
#6 C:\wamp64\www\tarefapw3\public\index.php(37): CodeIgniter\CodeIgniter->run()
#7 C:\wamp64\www\tarefapw3\system\Commands\Server\rewrite.php(43): require_once('C:\\wamp64\\www\\t...')
#8 {main}
CRITICAL - 2022-06-06 10:17:56 --> Class 'App\Controllers\VeiculoModel' not found
#0 C:\wamp64\www\tarefapw3\system\CodeIgniter.php(832): App\Controllers\Home->veiculo()
#1 C:\wamp64\www\tarefapw3\system\CodeIgniter.php(419): CodeIgniter\CodeIgniter->runController(Object(App\Controllers\Home))
#2 C:\wamp64\www\tarefapw3\system\CodeIgniter.php(326): CodeIgniter\CodeIgniter->handleRequest(NULL, Object(Config\Cache), false)
#3 C:\wamp64\www\tarefapw3\public\index.php(37): CodeIgniter\CodeIgniter->run()
#4 C:\wamp64\www\tarefapw3\system\Commands\Server\rewrite.php(43): require_once('C:\\wamp64\\www\\t...')
#5 {main}
CRITICAL - 2022-06-06 10:19:28 --> Class 'App\Controllers\VeiculoModel' not found
#0 C:\wamp64\www\tarefapw3\system\CodeIgniter.php(832): App\Controllers\Home->veiculo()
#1 C:\wamp64\www\tarefapw3\system\CodeIgniter.php(419): CodeIgniter\CodeIgniter->runController(Object(App\Controllers\Home))
#2 C:\wamp64\www\tarefapw3\system\CodeIgniter.php(326): CodeIgniter\CodeIgniter->handleRequest(NULL, Object(Config\Cache), false)
#3 C:\wamp64\www\tarefapw3\public\index.php(37): CodeIgniter\CodeIgniter->run()
#4 C:\wamp64\www\tarefapw3\system\Commands\Server\rewrite.php(43): require_once('C:\\wamp64\\www\\t...')
#5 {main}
CRITICAL - 2022-06-06 10:19:29 --> Class 'App\Controllers\VeiculoModel' not found
#0 C:\wamp64\www\tarefapw3\system\CodeIgniter.php(832): App\Controllers\Home->veiculo()
#1 C:\wamp64\www\tarefapw3\system\CodeIgniter.php(419): CodeIgniter\CodeIgniter->runController(Object(App\Controllers\Home))
#2 C:\wamp64\www\tarefapw3\system\CodeIgniter.php(326): CodeIgniter\CodeIgniter->handleRequest(NULL, Object(Config\Cache), false)
#3 C:\wamp64\www\tarefapw3\public\index.php(37): CodeIgniter\CodeIgniter->run()
#4 C:\wamp64\www\tarefapw3\system\Commands\Server\rewrite.php(43): require_once('C:\\wamp64\\www\\t...')
#5 {main}
CRITICAL - 2022-06-06 10:19:37 --> Class 'App\Controllers\VeiculoModel' not found
#0 C:\wamp64\www\tarefapw3\system\CodeIgniter.php(832): App\Controllers\Home->veiculo()
#1 C:\wamp64\www\tarefapw3\system\CodeIgniter.php(419): CodeIgniter\CodeIgniter->runController(Object(App\Controllers\Home))
#2 C:\wamp64\www\tarefapw3\system\CodeIgniter.php(326): CodeIgniter\CodeIgniter->handleRequest(NULL, Object(Config\Cache), false)
#3 C:\wamp64\www\tarefapw3\public\index.php(37): CodeIgniter\CodeIgniter->run()
#4 C:\wamp64\www\tarefapw3\system\Commands\Server\rewrite.php(43): require_once('C:\\wamp64\\www\\t...')
#5 {main}
CRITICAL - 2022-06-06 10:19:37 --> Class 'App\Controllers\VeiculoModel' not found
#0 C:\wamp64\www\tarefapw3\system\CodeIgniter.php(832): App\Controllers\Home->veiculo()
#1 C:\wamp64\www\tarefapw3\system\CodeIgniter.php(419): CodeIgniter\CodeIgniter->runController(Object(App\Controllers\Home))
#2 C:\wamp64\www\tarefapw3\system\CodeIgniter.php(326): CodeIgniter\CodeIgniter->handleRequest(NULL, Object(Config\Cache), false)
#3 C:\wamp64\www\tarefapw3\public\index.php(37): CodeIgniter\CodeIgniter->run()
#4 C:\wamp64\www\tarefapw3\system\Commands\Server\rewrite.php(43): require_once('C:\\wamp64\\www\\t...')
#5 {main}
CRITICAL - 2022-06-06 10:19:37 --> Class 'App\Controllers\VeiculoModel' not found
#0 C:\wamp64\www\tarefapw3\system\CodeIgniter.php(832): App\Controllers\Home->veiculo()
#1 C:\wamp64\www\tarefapw3\system\CodeIgniter.php(419): CodeIgniter\CodeIgniter->runController(Object(App\Controllers\Home))
#2 C:\wamp64\www\tarefapw3\system\CodeIgniter.php(326): CodeIgniter\CodeIgniter->handleRequest(NULL, Object(Config\Cache), false)
#3 C:\wamp64\www\tarefapw3\public\index.php(37): CodeIgniter\CodeIgniter->run()
#4 C:\wamp64\www\tarefapw3\system\Commands\Server\rewrite.php(43): require_once('C:\\wamp64\\www\\t...')
#5 {main}
CRITICAL - 2022-06-06 10:19:38 --> Class 'App\Controllers\VeiculoModel' not found
#0 C:\wamp64\www\tarefapw3\system\CodeIgniter.php(832): App\Controllers\Home->veiculo()
#1 C:\wamp64\www\tarefapw3\system\CodeIgniter.php(419): CodeIgniter\CodeIgniter->runController(Object(App\Controllers\Home))
#2 C:\wamp64\www\tarefapw3\system\CodeIgniter.php(326): CodeIgniter\CodeIgniter->handleRequest(NULL, Object(Config\Cache), false)
#3 C:\wamp64\www\tarefapw3\public\index.php(37): CodeIgniter\CodeIgniter->run()
#4 C:\wamp64\www\tarefapw3\system\Commands\Server\rewrite.php(43): require_once('C:\\wamp64\\www\\t...')
#5 {main}
CRITICAL - 2022-06-06 10:19:38 --> Class 'App\Controllers\VeiculoModel' not found
#0 C:\wamp64\www\tarefapw3\system\CodeIgniter.php(832): App\Controllers\Home->veiculo()
#1 C:\wamp64\www\tarefapw3\system\CodeIgniter.php(419): CodeIgniter\CodeIgniter->runController(Object(App\Controllers\Home))
#2 C:\wamp64\www\tarefapw3\system\CodeIgniter.php(326): CodeIgniter\CodeIgniter->handleRequest(NULL, Object(Config\Cache), false)
#3 C:\wamp64\www\tarefapw3\public\index.php(37): CodeIgniter\CodeIgniter->run()
#4 C:\wamp64\www\tarefapw3\system\Commands\Server\rewrite.php(43): require_once('C:\\wamp64\\www\\t...')
#5 {main}
CRITICAL - 2022-06-06 10:20:22 --> Invalid argument supplied for foreach()
#0 C:\wamp64\www\tarefapw3\app\Views\veiculo.php(13): CodeIgniter\Debug\Exceptions->errorHandler(2, 'Invalid argumen...', 'C:\\wamp64\\www\\t...', 13, Array)
#1 C:\wamp64\www\tarefapw3\system\View\View.php(210): include('C:\\wamp64\\www\\t...')
#2 C:\wamp64\www\tarefapw3\system\View\View.php(213): CodeIgniter\View\View->CodeIgniter\View\{closure}()
#3 C:\wamp64\www\tarefapw3\system\Common.php(1089): CodeIgniter\View\View->render('veiculo', Array, true)
#4 C:\wamp64\www\tarefapw3\app\Controllers\Home.php(30): view('veiculo')
#5 C:\wamp64\www\tarefapw3\system\CodeIgniter.php(832): App\Controllers\Home->veiculo()
#6 C:\wamp64\www\tarefapw3\system\CodeIgniter.php(419): CodeIgniter\CodeIgniter->runController(Object(App\Controllers\Home))
#7 C:\wamp64\www\tarefapw3\system\CodeIgniter.php(326): CodeIgniter\CodeIgniter->handleRequest(NULL, Object(Config\Cache), false)
#8 C:\wamp64\www\tarefapw3\public\index.php(37): CodeIgniter\CodeIgniter->run()
#9 C:\wamp64\www\tarefapw3\system\Commands\Server\rewrite.php(43): require_once('C:\\wamp64\\www\\t...')
#10 {main}
CRITICAL - 2022-06-06 10:20:55 --> Invalid file: css.php
#0 C:\wamp64\www\tarefapw3\system\View\View.php(198): CodeIgniter\Exceptions\FrameworkException::forInvalidFile('css.php')
#1 C:\wamp64\www\tarefapw3\system\Common.php(1089): CodeIgniter\View\View->render('css', Array, true)
#2 C:\wamp64\www\tarefapw3\app\Controllers\Home.php(17): view('css')
#3 C:\wamp64\www\tarefapw3\system\CodeIgniter.php(832): App\Controllers\Home->page('css', 'index.css')
#4 C:\wamp64\www\tarefapw3\system\CodeIgniter.php(419): CodeIgniter\CodeIgniter->runController(Object(App\Controllers\Home))
#5 C:\wamp64\www\tarefapw3\system\CodeIgniter.php(326): CodeIgniter\CodeIgniter->handleRequest(NULL, Object(Config\Cache), false)
#6 C:\wamp64\www\tarefapw3\public\index.php(37): CodeIgniter\CodeIgniter->run()
#7 C:\wamp64\www\tarefapw3\system\Commands\Server\rewrite.php(43): require_once('C:\\wamp64\\www\\t...')
#8 {main}
CRITICAL - 2022-06-06 10:20:55 --> Invalid file: js.php
#0 C:\wamp64\www\tarefapw3\system\View\View.php(198): CodeIgniter\Exceptions\FrameworkException::forInvalidFile('js.php')
#1 C:\wamp64\www\tarefapw3\system\Common.php(1089): CodeIgniter\View\View->render('js', Array, true)
#2 C:\wamp64\www\tarefapw3\app\Controllers\Home.php(17): view('js')
#3 C:\wamp64\www\tarefapw3\system\CodeIgniter.php(832): App\Controllers\Home->page('js', 'index.js')
#4 C:\wamp64\www\tarefapw3\system\CodeIgniter.php(419): CodeIgniter\CodeIgniter->runController(Object(App\Controllers\Home))
#5 C:\wamp64\www\tarefapw3\system\CodeIgniter.php(326): CodeIgniter\CodeIgniter->handleRequest(NULL, Object(Config\Cache), false)
#6 C:\wamp64\www\tarefapw3\public\index.php(37): CodeIgniter\CodeIgniter->run()
#7 C:\wamp64\www\tarefapw3\system\Commands\Server\rewrite.php(43): require_once('C:\\wamp64\\www\\t...')
#8 {main}
CRITICAL - 2022-06-06 10:23:46 --> Invalid file: css.php
#0 C:\wamp64\www\tarefapw3\system\View\View.php(198): CodeIgniter\Exceptions\FrameworkException::forInvalidFile('css.php')
#1 C:\wamp64\www\tarefapw3\system\Common.php(1089): CodeIgniter\View\View->render('css', Array, true)
#2 C:\wamp64\www\tarefapw3\app\Controllers\Home.php(17): view('css')
#3 C:\wamp64\www\tarefapw3\system\CodeIgniter.php(832): App\Controllers\Home->page('css', 'index.css')
#4 C:\wamp64\www\tarefapw3\system\CodeIgniter.php(419): CodeIgniter\CodeIgniter->runController(Object(App\Controllers\Home))
#5 C:\wamp64\www\tarefapw3\system\CodeIgniter.php(326): CodeIgniter\CodeIgniter->handleRequest(NULL, Object(Config\Cache), false)
#6 C:\wamp64\www\tarefapw3\public\index.php(37): CodeIgniter\CodeIgniter->run()
#7 C:\wamp64\www\tarefapw3\system\Commands\Server\rewrite.php(43): require_once('C:\\wamp64\\www\\t...')
#8 {main}
CRITICAL - 2022-06-06 10:23:46 --> Invalid file: js.php
#0 C:\wamp64\www\tarefapw3\system\View\View.php(198): CodeIgniter\Exceptions\FrameworkException::forInvalidFile('js.php')
#1 C:\wamp64\www\tarefapw3\system\Common.php(1089): CodeIgniter\View\View->render('js', Array, true)
#2 C:\wamp64\www\tarefapw3\app\Controllers\Home.php(17): view('js')
#3 C:\wamp64\www\tarefapw3\system\CodeIgniter.php(832): App\Controllers\Home->page('js', 'index.js')
#4 C:\wamp64\www\tarefapw3\system\CodeIgniter.php(419): CodeIgniter\CodeIgniter->runController(Object(App\Controllers\Home))
#5 C:\wamp64\www\tarefapw3\system\CodeIgniter.php(326): CodeIgniter\CodeIgniter->handleRequest(NULL, Object(Config\Cache), false)
#6 C:\wamp64\www\tarefapw3\public\index.php(37): CodeIgniter\CodeIgniter->run()
#7 C:\wamp64\www\tarefapw3\system\Commands\Server\rewrite.php(43): require_once('C:\\wamp64\\www\\t...')
#8 {main}
CRITICAL - 2022-06-06 10:24:49 --> Invalid file: css.php
#0 C:\wamp64\www\tarefapw3\system\View\View.php(198): CodeIgniter\Exceptions\FrameworkException::forInvalidFile('css.php')
#1 C:\wamp64\www\tarefapw3\system\Common.php(1089): CodeIgniter\View\View->render('css', Array, true)
#2 C:\wamp64\www\tarefapw3\app\Controllers\Home.php(17): view('css')
#3 C:\wamp64\www\tarefapw3\system\CodeIgniter.php(832): App\Controllers\Home->page('css', 'index.css')
#4 C:\wamp64\www\tarefapw3\system\CodeIgniter.php(419): CodeIgniter\CodeIgniter->runController(Object(App\Controllers\Home))
#5 C:\wamp64\www\tarefapw3\system\CodeIgniter.php(326): CodeIgniter\CodeIgniter->handleRequest(NULL, Object(Config\Cache), false)
#6 C:\wamp64\www\tarefapw3\public\index.php(37): CodeIgniter\CodeIgniter->run()
#7 C:\wamp64\www\tarefapw3\system\Commands\Server\rewrite.php(43): require_once('C:\\wamp64\\www\\t...')
#8 {main}
CRITICAL - 2022-06-06 10:24:49 --> Invalid file: js.php
#0 C:\wamp64\www\tarefapw3\system\View\View.php(198): CodeIgniter\Exceptions\FrameworkException::forInvalidFile('js.php')
#1 C:\wamp64\www\tarefapw3\system\Common.php(1089): CodeIgniter\View\View->render('js', Array, true)
#2 C:\wamp64\www\tarefapw3\app\Controllers\Home.php(17): view('js')
#3 C:\wamp64\www\tarefapw3\system\CodeIgniter.php(832): App\Controllers\Home->page('js', 'index.js')
#4 C:\wamp64\www\tarefapw3\system\CodeIgniter.php(419): CodeIgniter\CodeIgniter->runController(Object(App\Controllers\Home))
#5 C:\wamp64\www\tarefapw3\system\CodeIgniter.php(326): CodeIgniter\CodeIgniter->handleRequest(NULL, Object(Config\Cache), false)
#6 C:\wamp64\www\tarefapw3\public\index.php(37): CodeIgniter\CodeIgniter->run()
#7 C:\wamp64\www\tarefapw3\system\Commands\Server\rewrite.php(43): require_once('C:\\wamp64\\www\\t...')
#8 {main}
CRITICAL - 2022-06-06 10:24:52 --> Invalid file: css.php
#0 C:\wamp64\www\tarefapw3\system\View\View.php(198): CodeIgniter\Exceptions\FrameworkException::forInvalidFile('css.php')
#1 C:\wamp64\www\tarefapw3\system\Common.php(1089): CodeIgniter\View\View->render('css', Array, true)
#2 C:\wamp64\www\tarefapw3\app\Controllers\Home.php(17): view('css')
#3 C:\wamp64\www\tarefapw3\system\CodeIgniter.php(832): App\Controllers\Home->page('css', 'index.css')
#4 C:\wamp64\www\tarefapw3\system\CodeIgniter.php(419): CodeIgniter\CodeIgniter->runController(Object(App\Controllers\Home))
#5 C:\wamp64\www\tarefapw3\system\CodeIgniter.php(326): CodeIgniter\CodeIgniter->handleRequest(NULL, Object(Config\Cache), false)
#6 C:\wamp64\www\tarefapw3\public\index.php(37): CodeIgniter\CodeIgniter->run()
#7 C:\wamp64\www\tarefapw3\system\Commands\Server\rewrite.php(43): require_once('C:\\wamp64\\www\\t...')
#8 {main}
CRITICAL - 2022-06-06 10:24:52 --> Invalid file: js.php
#0 C:\wamp64\www\tarefapw3\system\View\View.php(198): CodeIgniter\Exceptions\FrameworkException::forInvalidFile('js.php')
#1 C:\wamp64\www\tarefapw3\system\Common.php(1089): CodeIgniter\View\View->render('js', Array, true)
#2 C:\wamp64\www\tarefapw3\app\Controllers\Home.php(17): view('js')
#3 C:\wamp64\www\tarefapw3\system\CodeIgniter.php(832): App\Controllers\Home->page('js', 'index.js')
#4 C:\wamp64\www\tarefapw3\system\CodeIgniter.php(419): CodeIgniter\CodeIgniter->runController(Object(App\Controllers\Home))
#5 C:\wamp64\www\tarefapw3\system\CodeIgniter.php(326): CodeIgniter\CodeIgniter->handleRequest(NULL, Object(Config\Cache), false)
#6 C:\wamp64\www\tarefapw3\public\index.php(37): CodeIgniter\CodeIgniter->run()
#7 C:\wamp64\www\tarefapw3\system\Commands\Server\rewrite.php(43): require_once('C:\\wamp64\\www\\t...')
#8 {main}
CRITICAL - 2022-06-06 10:25:44 --> Invalid file: css.php
#0 C:\wamp64\www\tarefapw3\system\View\View.php(198): CodeIgniter\Exceptions\FrameworkException::forInvalidFile('css.php')
#1 C:\wamp64\www\tarefapw3\system\Common.php(1089): CodeIgniter\View\View->render('css', Array, true)
#2 C:\wamp64\www\tarefapw3\app\Controllers\Home.php(17): view('css')
#3 C:\wamp64\www\tarefapw3\system\CodeIgniter.php(832): App\Controllers\Home->page('css', 'index.css')
#4 C:\wamp64\www\tarefapw3\system\CodeIgniter.php(419): CodeIgniter\CodeIgniter->runController(Object(App\Controllers\Home))
#5 C:\wamp64\www\tarefapw3\system\CodeIgniter.php(326): CodeIgniter\CodeIgniter->handleRequest(NULL, Object(Config\Cache), false)
#6 C:\wamp64\www\tarefapw3\public\index.php(37): CodeIgniter\CodeIgniter->run()
#7 C:\wamp64\www\tarefapw3\system\Commands\Server\rewrite.php(43): require_once('C:\\wamp64\\www\\t...')
#8 {main}
CRITICAL - 2022-06-06 10:25:44 --> Invalid file: js.php
#0 C:\wamp64\www\tarefapw3\system\View\View.php(198): CodeIgniter\Exceptions\FrameworkException::forInvalidFile('js.php')
#1 C:\wamp64\www\tarefapw3\system\Common.php(1089): CodeIgniter\View\View->render('js', Array, true)
#2 C:\wamp64\www\tarefapw3\app\Controllers\Home.php(17): view('js')
#3 C:\wamp64\www\tarefapw3\system\CodeIgniter.php(832): App\Controllers\Home->page('js', 'index.js')
#4 C:\wamp64\www\tarefapw3\system\CodeIgniter.php(419): CodeIgniter\CodeIgniter->runController(Object(App\Controllers\Home))
#5 C:\wamp64\www\tarefapw3\system\CodeIgniter.php(326): CodeIgniter\CodeIgniter->handleRequest(NULL, Object(Config\Cache), false)
#6 C:\wamp64\www\tarefapw3\public\index.php(37): CodeIgniter\CodeIgniter->run()
#7 C:\wamp64\www\tarefapw3\system\Commands\Server\rewrite.php(43): require_once('C:\\wamp64\\www\\t...')
#8 {main}
CRITICAL - 2022-06-06 10:25:56 --> Invalid file: editar.php
#0 C:\wamp64\www\tarefapw3\system\View\View.php(198): CodeIgniter\Exceptions\FrameworkException::forInvalidFile('editar.php')
#1 C:\wamp64\www\tarefapw3\system\Common.php(1089): CodeIgniter\View\View->render('editar', Array, true)
#2 C:\wamp64\www\tarefapw3\app\Controllers\Home.php(17): view('editar')
#3 C:\wamp64\www\tarefapw3\system\CodeIgniter.php(832): App\Controllers\Home->page('editar', 'css', 'index.css')
#4 C:\wamp64\www\tarefapw3\system\CodeIgniter.php(419): CodeIgniter\CodeIgniter->runController(Object(App\Controllers\Home))
#5 C:\wamp64\www\tarefapw3\system\CodeIgniter.php(326): CodeIgniter\CodeIgniter->handleRequest(NULL, Object(Config\Cache), false)
#6 C:\wamp64\www\tarefapw3\public\index.php(37): CodeIgniter\CodeIgniter->run()
#7 C:\wamp64\www\tarefapw3\system\Commands\Server\rewrite.php(43): require_once('C:\\wamp64\\www\\t...')
#8 {main}
CRITICAL - 2022-06-06 10:25:56 --> Invalid file: editar.php
#0 C:\wamp64\www\tarefapw3\system\View\View.php(198): CodeIgniter\Exceptions\FrameworkException::forInvalidFile('editar.php')
#1 C:\wamp64\www\tarefapw3\system\Common.php(1089): CodeIgniter\View\View->render('editar', Array, true)
#2 C:\wamp64\www\tarefapw3\app\Controllers\Home.php(17): view('editar')
#3 C:\wamp64\www\tarefapw3\system\CodeIgniter.php(832): App\Controllers\Home->page('editar', 'js', 'index.js')
#4 C:\wamp64\www\tarefapw3\system\CodeIgniter.php(419): CodeIgniter\CodeIgniter->runController(Object(App\Controllers\Home))
#5 C:\wamp64\www\tarefapw3\system\CodeIgniter.php(326): CodeIgniter\CodeIgniter->handleRequest(NULL, Object(Config\Cache), false)
#6 C:\wamp64\www\tarefapw3\public\index.php(37): CodeIgniter\CodeIgniter->run()
#7 C:\wamp64\www\tarefapw3\system\Commands\Server\rewrite.php(43): require_once('C:\\wamp64\\www\\t...')
#8 {main}
